#
# There is insufficient memory for the Java Runtime Environment to continue.
# Native memory allocation (malloc) failed to allocate 844816 bytes for Chunk::new
# Possible reasons:
#   The system is out of physical RAM or swap space
#   The process is running with CompressedOops enabled, and the Java Heap may be blocking the growth of the native heap
# Possible solutions:
#   Reduce memory load on the system
#   Increase physical memory or swap space
#   Check if swap backing store is full
#   Decrease Java heap size (-Xmx/-Xms)
#   Decrease number of Java threads
#   Decrease Java thread stack sizes (-Xss)
#   Set larger code cache with -XX:ReservedCodeCacheSize=
#   JVM is running with Unscaled Compressed Oops mode in which the Java heap is
#     placed in the first 4GB address space. The Java Heap base address is the
#     maximum limit for the native heap growth. Please use -XX:HeapBaseMinAddress
#     to set the Java Heap base and to place the Java Heap above 4GB virtual address.
# This output file may be truncated or incomplete.
#
#  Out of Memory Error (arena.cpp:189), pid=21736, tid=24228
#
# JRE version: Java(TM) SE Runtime Environment (17.0.13+10) (build 17.0.13+10-LTS-268)
# Java VM: Java HotSpot(TM) 64-Bit Server VM (17.0.13+10-LTS-268, mixed mode, sharing, tiered, compressed oops, compressed class ptrs, g1 gc, windows-amd64)
# No core dump will be written. Minidumps are not enabled by default on client versions of Windows
#

---------------  S U M M A R Y ------------

Command Line: --add-opens=java.base/java.util=ALL-UNNAMED --add-opens=java.base/java.lang=ALL-UNNAMED --add-opens=java.base/java.lang.invoke=ALL-UNNAMED --add-opens=java.prefs/java.util.prefs=ALL-UNNAMED --add-opens=java.base/java.nio.charset=ALL-UNNAMED --add-opens=java.base/java.net=ALL-UNNAMED --add-opens=java.base/java.util.concurrent.atomic=ALL-UNNAMED -XX:MaxMetaspaceSize=384m -XX:+HeapDumpOnOutOfMemoryError -Xms256m -Xmx512m -Dfile.encoding=UTF-8 -Duser.country=KR -Duser.language=ko -Duser.variant -javaagent:C:\Users\vnme1\.gradle\wrapper\dists\gradle-8.8-bin\dl7vupf4psengwqhwktix4v1\gradle-8.8\lib\agents\gradle-instrumentation-agent-8.8.jar org.gradle.launcher.daemon.bootstrap.GradleDaemon 8.8

Host: Intel(R) Core(TM) i5-10210U CPU @ 1.60GHz, 8 cores, 7G,  Windows 11 , 64 bit Build 26100 (10.0.26100.3624)
Time: Wed Apr  9 15:26:14 2025  Windows 11 , 64 bit Build 26100 (10.0.26100.3624) elapsed time: 63.952663 seconds (0d 0h 1m 3s)

---------------  T H R E A D  ---------------

Current thread (0x00000179cc2305c0):  JavaThread "C2 CompilerThread0" daemon [_thread_in_native, id=24228, stack(0x0000003b25e00000,0x0000003b25f00000)]


Current CompileTask:
C2:  63952 2234       4       jdk.internal.org.objectweb.asm.Frame::execute (2305 bytes)

Stack: [0x0000003b25e00000,0x0000003b25f00000]
Native frames: (J=compiled Java code, j=interpreted, Vv=VM code, C=native code)
V  [jvm.dll+0x67a23a]
V  [jvm.dll+0x7da96d]
V  [jvm.dll+0x7dc2b3]
V  [jvm.dll+0x7dc923]
V  [jvm.dll+0x2450ef]
V  [jvm.dll+0xab793]
V  [jvm.dll+0xabd5c]
V  [jvm.dll+0x2aa58f]
V  [jvm.dll+0x582039]
V  [jvm.dll+0x21f482]
V  [jvm.dll+0x2185cc]
V  [jvm.dll+0x215bc5]
V  [jvm.dll+0x1a2980]
V  [jvm.dll+0x22616b]
V  [jvm.dll+0x22430b]
V  [jvm.dll+0x790a8c]
V  [jvm.dll+0x78af1a]
V  [jvm.dll+0x679125]
C  [ucrtbase.dll+0x37b0]
C  [KERNEL32.DLL+0x2e8d7]
C  [ntdll.dll+0xb14fc]


---------------  P R O C E S S  ---------------

Threads class SMR info:
_java_thread_list=0x00000179e6a2b280, length=22, elements={
0x00000179af935440, 0x00000179cc20b160, 0x00000179cc20c7a0, 0x00000179cc226fc0,
0x00000179cc22b9b0, 0x00000179cc22cdf0, 0x00000179cc22e230, 0x00000179cc2305c0,
0x00000179cc230f80, 0x00000179cc24be80, 0x00000179cc1f6ee0, 0x00000179cc4e7d30,
0x00000179e6ada690, 0x00000179e612c180, 0x00000179e6d9f810, 0x00000179e6aadc70,
0x00000179cc4f7aa0, 0x00000179cce9ad80, 0x00000179cce9a870, 0x00000179cce9cbe0,
0x00000179cce9b290, 0x00000179cce9b7a0
}

Java Threads: ( => current thread )
  0x00000179af935440 JavaThread "main" [_thread_blocked, id=24372, stack(0x0000003b25100000,0x0000003b25200000)]
  0x00000179cc20b160 JavaThread "Reference Handler" daemon [_thread_blocked, id=22832, stack(0x0000003b25800000,0x0000003b25900000)]
  0x00000179cc20c7a0 JavaThread "Finalizer" daemon [_thread_blocked, id=26588, stack(0x0000003b25900000,0x0000003b25a00000)]
  0x00000179cc226fc0 JavaThread "Signal Dispatcher" daemon [_thread_blocked, id=19516, stack(0x0000003b25a00000,0x0000003b25b00000)]
  0x00000179cc22b9b0 JavaThread "Attach Listener" daemon [_thread_blocked, id=26440, stack(0x0000003b25b00000,0x0000003b25c00000)]
  0x00000179cc22cdf0 JavaThread "Service Thread" daemon [_thread_blocked, id=15896, stack(0x0000003b25c00000,0x0000003b25d00000)]
  0x00000179cc22e230 JavaThread "Monitor Deflation Thread" daemon [_thread_blocked, id=21752, stack(0x0000003b25d00000,0x0000003b25e00000)]
=>0x00000179cc2305c0 JavaThread "C2 CompilerThread0" daemon [_thread_in_native, id=24228, stack(0x0000003b25e00000,0x0000003b25f00000)]
  0x00000179cc230f80 JavaThread "C1 CompilerThread0" daemon [_thread_blocked, id=22164, stack(0x0000003b25f00000,0x0000003b26000000)]
  0x00000179cc24be80 JavaThread "Sweeper thread" daemon [_thread_blocked, id=18100, stack(0x0000003b26000000,0x0000003b26100000)]
  0x00000179cc1f6ee0 JavaThread "Common-Cleaner" daemon [_thread_blocked, id=23716, stack(0x0000003b26100000,0x0000003b26200000)]
  0x00000179cc4e7d30 JavaThread "Notification Thread" daemon [_thread_blocked, id=21304, stack(0x0000003b26200000,0x0000003b26300000)]
  0x00000179e6ada690 JavaThread "Daemon health stats" [_thread_blocked, id=21808, stack(0x0000003b26400000,0x0000003b26500000)]
  0x00000179e612c180 JavaThread "Incoming local TCP Connector on port 12902" [_thread_in_native, id=21844, stack(0x0000003b26a00000,0x0000003b26b00000)]
  0x00000179e6d9f810 JavaThread "Daemon periodic checks" [_thread_in_native, id=18460, stack(0x0000003b26b00000,0x0000003b26c00000)]
  0x00000179e6aadc70 JavaThread "Daemon" [_thread_blocked, id=8768, stack(0x0000003b26c00000,0x0000003b26d00000)]
  0x00000179cc4f7aa0 JavaThread "Handler for socket connection from /127.0.0.1:12902 to /127.0.0.1:12904" [_thread_in_native, id=8456, stack(0x0000003b26d00000,0x0000003b26e00000)]
  0x00000179cce9ad80 JavaThread "Cancel handler" [_thread_blocked, id=17340, stack(0x0000003b26e00000,0x0000003b26f00000)]
  0x00000179cce9a870 JavaThread "Daemon worker" [_thread_in_vm, id=24856, stack(0x0000003b26f00000,0x0000003b27000000)]
  0x00000179cce9cbe0 JavaThread "Asynchronous log dispatcher for DefaultDaemonConnection: socket connection from /127.0.0.1:12902 to /127.0.0.1:12904" [_thread_blocked, id=24236, stack(0x0000003b27000000,0x0000003b27100000)]
  0x00000179cce9b290 JavaThread "Stdin handler" [_thread_blocked, id=23524, stack(0x0000003b27100000,0x0000003b27200000)]
  0x00000179cce9b7a0 JavaThread "Daemon client event forwarder" [_thread_blocked, id=8364, stack(0x0000003b27200000,0x0000003b27300000)]

Other Threads:
  0x00000179cc203f80 VMThread "VM Thread" [stack: 0x0000003b25700000,0x0000003b25800000] [id=12312]
  0x00000179af96e140 WatcherThread [stack: 0x0000003b26300000,0x0000003b26400000] [id=9508]
  0x00000179af965010 GCTaskThread "GC Thread#0" [stack: 0x0000003b25200000,0x0000003b25300000] [id=11696]
  0x00000179cc6ba470 GCTaskThread "GC Thread#1" [stack: 0x0000003b26500000,0x0000003b26600000] [id=19056]
  0x00000179cc6b98f0 GCTaskThread "GC Thread#2" [stack: 0x0000003b26600000,0x0000003b26700000] [id=9120]
  0x00000179ccc17310 GCTaskThread "GC Thread#3" [stack: 0x0000003b26700000,0x0000003b26800000] [id=8912]
  0x00000179ccab1a30 GCTaskThread "GC Thread#4" [stack: 0x0000003b26800000,0x0000003b26900000] [id=18724]
  0x00000179cc9f3bf0 GCTaskThread "GC Thread#5" [stack: 0x0000003b26900000,0x0000003b26a00000] [id=22756]
  0x00000179af70cff0 ConcurrentGCThread "G1 Main Marker" [stack: 0x0000003b25300000,0x0000003b25400000] [id=9012]
  0x00000179af70d810 ConcurrentGCThread "G1 Conc#0" [stack: 0x0000003b25400000,0x0000003b25500000] [id=15840]
  0x00000179af9fecb0 ConcurrentGCThread "G1 Refine#0" [stack: 0x0000003b25500000,0x0000003b25600000] [id=17376]
  0x00000179cc0c77e0 ConcurrentGCThread "G1 Service" [stack: 0x0000003b25600000,0x0000003b25700000] [id=21792]

Threads with active compile tasks:
C2 CompilerThread0    64013 2234       4       jdk.internal.org.objectweb.asm.Frame::execute (2305 bytes)

VM state: not at safepoint (normal execution)

VM Mutex/Monitor currently owned by a thread: None

Heap address: 0x00000000e0000000, size: 512 MB, Compressed Oops mode: 32-bit

CDS archive(s) mapped at: [0x00000179cd000000-0x00000179cdbd0000-0x00000179cdbd0000), size 12386304, SharedBaseAddress: 0x00000179cd000000, ArchiveRelocationMode: 1.
Compressed class space mapped at: 0x00000179ce000000-0x00000179e2000000, reserved size: 335544320
Narrow klass base: 0x00000179cd000000, Narrow klass shift: 0, Narrow klass range: 0x100000000

GC Precious Log:
 CPUs: 8 total, 8 available
 Memory: 8001M
 Large Page Support: Disabled
 NUMA Support: Disabled
 Compressed Oops: Enabled (32-bit)
 Heap Region Size: 1M
 Heap Min Capacity: 256M
 Heap Initial Capacity: 256M
 Heap Max Capacity: 512M
 Pre-touch: Disabled
 Parallel Workers: 8
 Concurrent Workers: 2
 Concurrent Refinement Workers: 8
 Periodic GC: Disabled

Heap:
 garbage-first heap   total 262144K, used 83825K [0x00000000e0000000, 0x0000000100000000)
  region size 1024K, 71 young (72704K), 2 survivors (2048K)
 Metaspace       used 13202K, committed 13504K, reserved 393216K
  class space    used 1824K, committed 1984K, reserved 327680K

Heap Regions: E=young(eden), S=young(survivor), O=old, HS=humongous(starts), HC=humongous(continues), CS=collection set, F=free, OA=open archive, CA=closed archive, TAMS=top-at-mark-start (previous, next)
|   0|0x00000000e0000000, 0x00000000e0100000, 0x00000000e0100000|100%|HS|  |TAMS 0x00000000e0000000, 0x00000000e0000000| Complete 
|   1|0x00000000e0100000, 0x00000000e0200000, 0x00000000e0200000|100%|HC|  |TAMS 0x00000000e0100000, 0x00000000e0100000| Complete 
|   2|0x00000000e0200000, 0x00000000e0300000, 0x00000000e0300000|100%|HC|  |TAMS 0x00000000e0200000, 0x00000000e0200000| Complete 
|   3|0x00000000e0300000, 0x00000000e0400000, 0x00000000e0400000|100%|HC|  |TAMS 0x00000000e0300000, 0x00000000e0300000| Complete 
|   4|0x00000000e0400000, 0x00000000e0500000, 0x00000000e0500000|100%| O|  |TAMS 0x00000000e0400000, 0x00000000e0400000| Untracked 
|   5|0x00000000e0500000, 0x00000000e0600000, 0x00000000e0600000|100%| O|  |TAMS 0x00000000e0500000, 0x00000000e0500000| Untracked 
|   6|0x00000000e0600000, 0x00000000e0700000, 0x00000000e0700000|100%| O|  |TAMS 0x00000000e0600000, 0x00000000e0600000| Untracked 
|   7|0x00000000e0700000, 0x00000000e0800000, 0x00000000e0800000|100%| O|  |TAMS 0x00000000e0700000, 0x00000000e0700000| Untracked 
|   8|0x00000000e0800000, 0x00000000e0900000, 0x00000000e0900000|100%| O|  |TAMS 0x00000000e0800000, 0x00000000e0800000| Untracked 
|   9|0x00000000e0900000, 0x00000000e0a00000, 0x00000000e0a00000|100%| O|  |TAMS 0x00000000e0900000, 0x00000000e0900000| Untracked 
|  10|0x00000000e0a00000, 0x00000000e0ab7a00, 0x00000000e0b00000| 71%| O|  |TAMS 0x00000000e0a00000, 0x00000000e0a00000| Untracked 
|  11|0x00000000e0b00000, 0x00000000e0c00000, 0x00000000e0c00000|100%|HS|  |TAMS 0x00000000e0b00000, 0x00000000e0b00000| Complete 
|  12|0x00000000e0c00000, 0x00000000e0d00000, 0x00000000e0d00000|100%|HS|  |TAMS 0x00000000e0c00000, 0x00000000e0c00000| Complete 
|  13|0x00000000e0d00000, 0x00000000e0d00000, 0x00000000e0e00000|  0%| F|  |TAMS 0x00000000e0d00000, 0x00000000e0d00000| Untracked 
|  14|0x00000000e0e00000, 0x00000000e0e00000, 0x00000000e0f00000|  0%| F|  |TAMS 0x00000000e0e00000, 0x00000000e0e00000| Untracked 
|  15|0x00000000e0f00000, 0x00000000e0f00000, 0x00000000e1000000|  0%| F|  |TAMS 0x00000000e0f00000, 0x00000000e0f00000| Untracked 
|  16|0x00000000e1000000, 0x00000000e1000000, 0x00000000e1100000|  0%| F|  |TAMS 0x00000000e1000000, 0x00000000e1000000| Untracked 
|  17|0x00000000e1100000, 0x00000000e1100000, 0x00000000e1200000|  0%| F|  |TAMS 0x00000000e1100000, 0x00000000e1100000| Untracked 
|  18|0x00000000e1200000, 0x00000000e1200000, 0x00000000e1300000|  0%| F|  |TAMS 0x00000000e1200000, 0x00000000e1200000| Untracked 
|  19|0x00000000e1300000, 0x00000000e1300000, 0x00000000e1400000|  0%| F|  |TAMS 0x00000000e1300000, 0x00000000e1300000| Untracked 
|  20|0x00000000e1400000, 0x00000000e1400000, 0x00000000e1500000|  0%| F|  |TAMS 0x00000000e1400000, 0x00000000e1400000| Untracked 
|  21|0x00000000e1500000, 0x00000000e1500000, 0x00000000e1600000|  0%| F|  |TAMS 0x00000000e1500000, 0x00000000e1500000| Untracked 
|  22|0x00000000e1600000, 0x00000000e1600000, 0x00000000e1700000|  0%| F|  |TAMS 0x00000000e1600000, 0x00000000e1600000| Untracked 
|  23|0x00000000e1700000, 0x00000000e1700000, 0x00000000e1800000|  0%| F|  |TAMS 0x00000000e1700000, 0x00000000e1700000| Untracked 
|  24|0x00000000e1800000, 0x00000000e1800000, 0x00000000e1900000|  0%| F|  |TAMS 0x00000000e1800000, 0x00000000e1800000| Untracked 
|  25|0x00000000e1900000, 0x00000000e1900000, 0x00000000e1a00000|  0%| F|  |TAMS 0x00000000e1900000, 0x00000000e1900000| Untracked 
|  26|0x00000000e1a00000, 0x00000000e1a00000, 0x00000000e1b00000|  0%| F|  |TAMS 0x00000000e1a00000, 0x00000000e1a00000| Untracked 
|  27|0x00000000e1b00000, 0x00000000e1b00000, 0x00000000e1c00000|  0%| F|  |TAMS 0x00000000e1b00000, 0x00000000e1b00000| Untracked 
|  28|0x00000000e1c00000, 0x00000000e1c00000, 0x00000000e1d00000|  0%| F|  |TAMS 0x00000000e1c00000, 0x00000000e1c00000| Untracked 
|  29|0x00000000e1d00000, 0x00000000e1d00000, 0x00000000e1e00000|  0%| F|  |TAMS 0x00000000e1d00000, 0x00000000e1d00000| Untracked 
|  30|0x00000000e1e00000, 0x00000000e1e00000, 0x00000000e1f00000|  0%| F|  |TAMS 0x00000000e1e00000, 0x00000000e1e00000| Untracked 
|  31|0x00000000e1f00000, 0x00000000e1f00000, 0x00000000e2000000|  0%| F|  |TAMS 0x00000000e1f00000, 0x00000000e1f00000| Untracked 
|  32|0x00000000e2000000, 0x00000000e2000000, 0x00000000e2100000|  0%| F|  |TAMS 0x00000000e2000000, 0x00000000e2000000| Untracked 
|  33|0x00000000e2100000, 0x00000000e2100000, 0x00000000e2200000|  0%| F|  |TAMS 0x00000000e2100000, 0x00000000e2100000| Untracked 
|  34|0x00000000e2200000, 0x00000000e2200000, 0x00000000e2300000|  0%| F|  |TAMS 0x00000000e2200000, 0x00000000e2200000| Untracked 
|  35|0x00000000e2300000, 0x00000000e2300000, 0x00000000e2400000|  0%| F|  |TAMS 0x00000000e2300000, 0x00000000e2300000| Untracked 
|  36|0x00000000e2400000, 0x00000000e2400000, 0x00000000e2500000|  0%| F|  |TAMS 0x00000000e2400000, 0x00000000e2400000| Untracked 
|  37|0x00000000e2500000, 0x00000000e2500000, 0x00000000e2600000|  0%| F|  |TAMS 0x00000000e2500000, 0x00000000e2500000| Untracked 
|  38|0x00000000e2600000, 0x00000000e2600000, 0x00000000e2700000|  0%| F|  |TAMS 0x00000000e2600000, 0x00000000e2600000| Untracked 
|  39|0x00000000e2700000, 0x00000000e2700000, 0x00000000e2800000|  0%| F|  |TAMS 0x00000000e2700000, 0x00000000e2700000| Untracked 
|  40|0x00000000e2800000, 0x00000000e2800000, 0x00000000e2900000|  0%| F|  |TAMS 0x00000000e2800000, 0x00000000e2800000| Untracked 
|  41|0x00000000e2900000, 0x00000000e2900000, 0x00000000e2a00000|  0%| F|  |TAMS 0x00000000e2900000, 0x00000000e2900000| Untracked 
|  42|0x00000000e2a00000, 0x00000000e2a00000, 0x00000000e2b00000|  0%| F|  |TAMS 0x00000000e2a00000, 0x00000000e2a00000| Untracked 
|  43|0x00000000e2b00000, 0x00000000e2b00000, 0x00000000e2c00000|  0%| F|  |TAMS 0x00000000e2b00000, 0x00000000e2b00000| Untracked 
|  44|0x00000000e2c00000, 0x00000000e2c00000, 0x00000000e2d00000|  0%| F|  |TAMS 0x00000000e2c00000, 0x00000000e2c00000| Untracked 
|  45|0x00000000e2d00000, 0x00000000e2d00000, 0x00000000e2e00000|  0%| F|  |TAMS 0x00000000e2d00000, 0x00000000e2d00000| Untracked 
|  46|0x00000000e2e00000, 0x00000000e2e00000, 0x00000000e2f00000|  0%| F|  |TAMS 0x00000000e2e00000, 0x00000000e2e00000| Untracked 
|  47|0x00000000e2f00000, 0x00000000e2f00000, 0x00000000e3000000|  0%| F|  |TAMS 0x00000000e2f00000, 0x00000000e2f00000| Untracked 
|  48|0x00000000e3000000, 0x00000000e3000000, 0x00000000e3100000|  0%| F|  |TAMS 0x00000000e3000000, 0x00000000e3000000| Untracked 
|  49|0x00000000e3100000, 0x00000000e3100000, 0x00000000e3200000|  0%| F|  |TAMS 0x00000000e3100000, 0x00000000e3100000| Untracked 
|  50|0x00000000e3200000, 0x00000000e3200000, 0x00000000e3300000|  0%| F|  |TAMS 0x00000000e3200000, 0x00000000e3200000| Untracked 
|  51|0x00000000e3300000, 0x00000000e3300000, 0x00000000e3400000|  0%| F|  |TAMS 0x00000000e3300000, 0x00000000e3300000| Untracked 
|  52|0x00000000e3400000, 0x00000000e3400000, 0x00000000e3500000|  0%| F|  |TAMS 0x00000000e3400000, 0x00000000e3400000| Untracked 
|  53|0x00000000e3500000, 0x00000000e3500000, 0x00000000e3600000|  0%| F|  |TAMS 0x00000000e3500000, 0x00000000e3500000| Untracked 
|  54|0x00000000e3600000, 0x00000000e3600000, 0x00000000e3700000|  0%| F|  |TAMS 0x00000000e3600000, 0x00000000e3600000| Untracked 
|  55|0x00000000e3700000, 0x00000000e3700000, 0x00000000e3800000|  0%| F|  |TAMS 0x00000000e3700000, 0x00000000e3700000| Untracked 
|  56|0x00000000e3800000, 0x00000000e3800000, 0x00000000e3900000|  0%| F|  |TAMS 0x00000000e3800000, 0x00000000e3800000| Untracked 
|  57|0x00000000e3900000, 0x00000000e3900000, 0x00000000e3a00000|  0%| F|  |TAMS 0x00000000e3900000, 0x00000000e3900000| Untracked 
|  58|0x00000000e3a00000, 0x00000000e3a00000, 0x00000000e3b00000|  0%| F|  |TAMS 0x00000000e3a00000, 0x00000000e3a00000| Untracked 
|  59|0x00000000e3b00000, 0x00000000e3b00000, 0x00000000e3c00000|  0%| F|  |TAMS 0x00000000e3b00000, 0x00000000e3b00000| Untracked 
|  60|0x00000000e3c00000, 0x00000000e3c00000, 0x00000000e3d00000|  0%| F|  |TAMS 0x00000000e3c00000, 0x00000000e3c00000| Untracked 
|  61|0x00000000e3d00000, 0x00000000e3d00000, 0x00000000e3e00000|  0%| F|  |TAMS 0x00000000e3d00000, 0x00000000e3d00000| Untracked 
|  62|0x00000000e3e00000, 0x00000000e3e00000, 0x00000000e3f00000|  0%| F|  |TAMS 0x00000000e3e00000, 0x00000000e3e00000| Untracked 
|  63|0x00000000e3f00000, 0x00000000e3f00000, 0x00000000e4000000|  0%| F|  |TAMS 0x00000000e3f00000, 0x00000000e3f00000| Untracked 
|  64|0x00000000e4000000, 0x00000000e4000000, 0x00000000e4100000|  0%| F|  |TAMS 0x00000000e4000000, 0x00000000e4000000| Untracked 
|  65|0x00000000e4100000, 0x00000000e4100000, 0x00000000e4200000|  0%| F|  |TAMS 0x00000000e4100000, 0x00000000e4100000| Untracked 
|  66|0x00000000e4200000, 0x00000000e4200000, 0x00000000e4300000|  0%| F|  |TAMS 0x00000000e4200000, 0x00000000e4200000| Untracked 
|  67|0x00000000e4300000, 0x00000000e4300000, 0x00000000e4400000|  0%| F|  |TAMS 0x00000000e4300000, 0x00000000e4300000| Untracked 
|  68|0x00000000e4400000, 0x00000000e4400000, 0x00000000e4500000|  0%| F|  |TAMS 0x00000000e4400000, 0x00000000e4400000| Untracked 
|  69|0x00000000e4500000, 0x00000000e4500000, 0x00000000e4600000|  0%| F|  |TAMS 0x00000000e4500000, 0x00000000e4500000| Untracked 
|  70|0x00000000e4600000, 0x00000000e4600000, 0x00000000e4700000|  0%| F|  |TAMS 0x00000000e4600000, 0x00000000e4600000| Untracked 
|  71|0x00000000e4700000, 0x00000000e4700000, 0x00000000e4800000|  0%| F|  |TAMS 0x00000000e4700000, 0x00000000e4700000| Untracked 
|  72|0x00000000e4800000, 0x00000000e4800000, 0x00000000e4900000|  0%| F|  |TAMS 0x00000000e4800000, 0x00000000e4800000| Untracked 
|  73|0x00000000e4900000, 0x00000000e4900000, 0x00000000e4a00000|  0%| F|  |TAMS 0x00000000e4900000, 0x00000000e4900000| Untracked 
|  74|0x00000000e4a00000, 0x00000000e4a00000, 0x00000000e4b00000|  0%| F|  |TAMS 0x00000000e4a00000, 0x00000000e4a00000| Untracked 
|  75|0x00000000e4b00000, 0x00000000e4b00000, 0x00000000e4c00000|  0%| F|  |TAMS 0x00000000e4b00000, 0x00000000e4b00000| Untracked 
|  76|0x00000000e4c00000, 0x00000000e4c00000, 0x00000000e4d00000|  0%| F|  |TAMS 0x00000000e4c00000, 0x00000000e4c00000| Untracked 
|  77|0x00000000e4d00000, 0x00000000e4d00000, 0x00000000e4e00000|  0%| F|  |TAMS 0x00000000e4d00000, 0x00000000e4d00000| Untracked 
|  78|0x00000000e4e00000, 0x00000000e4e00000, 0x00000000e4f00000|  0%| F|  |TAMS 0x00000000e4e00000, 0x00000000e4e00000| Untracked 
|  79|0x00000000e4f00000, 0x00000000e4f00000, 0x00000000e5000000|  0%| F|  |TAMS 0x00000000e4f00000, 0x00000000e4f00000| Untracked 
|  80|0x00000000e5000000, 0x00000000e5000000, 0x00000000e5100000|  0%| F|  |TAMS 0x00000000e5000000, 0x00000000e5000000| Untracked 
|  81|0x00000000e5100000, 0x00000000e5100000, 0x00000000e5200000|  0%| F|  |TAMS 0x00000000e5100000, 0x00000000e5100000| Untracked 
|  82|0x00000000e5200000, 0x00000000e5200000, 0x00000000e5300000|  0%| F|  |TAMS 0x00000000e5200000, 0x00000000e5200000| Untracked 
|  83|0x00000000e5300000, 0x00000000e5300000, 0x00000000e5400000|  0%| F|  |TAMS 0x00000000e5300000, 0x00000000e5300000| Untracked 
|  84|0x00000000e5400000, 0x00000000e5400000, 0x00000000e5500000|  0%| F|  |TAMS 0x00000000e5400000, 0x00000000e5400000| Untracked 
|  85|0x00000000e5500000, 0x00000000e5500000, 0x00000000e5600000|  0%| F|  |TAMS 0x00000000e5500000, 0x00000000e5500000| Untracked 
|  86|0x00000000e5600000, 0x00000000e5600000, 0x00000000e5700000|  0%| F|  |TAMS 0x00000000e5600000, 0x00000000e5600000| Untracked 
|  87|0x00000000e5700000, 0x00000000e5700000, 0x00000000e5800000|  0%| F|  |TAMS 0x00000000e5700000, 0x00000000e5700000| Untracked 
|  88|0x00000000e5800000, 0x00000000e5800000, 0x00000000e5900000|  0%| F|  |TAMS 0x00000000e5800000, 0x00000000e5800000| Untracked 
|  89|0x00000000e5900000, 0x00000000e5900000, 0x00000000e5a00000|  0%| F|  |TAMS 0x00000000e5900000, 0x00000000e5900000| Untracked 
|  90|0x00000000e5a00000, 0x00000000e5a00000, 0x00000000e5b00000|  0%| F|  |TAMS 0x00000000e5a00000, 0x00000000e5a00000| Untracked 
|  91|0x00000000e5b00000, 0x00000000e5b00000, 0x00000000e5c00000|  0%| F|  |TAMS 0x00000000e5b00000, 0x00000000e5b00000| Untracked 
|  92|0x00000000e5c00000, 0x00000000e5c00000, 0x00000000e5d00000|  0%| F|  |TAMS 0x00000000e5c00000, 0x00000000e5c00000| Untracked 
|  93|0x00000000e5d00000, 0x00000000e5d00000, 0x00000000e5e00000|  0%| F|  |TAMS 0x00000000e5d00000, 0x00000000e5d00000| Untracked 
|  94|0x00000000e5e00000, 0x00000000e5e00000, 0x00000000e5f00000|  0%| F|  |TAMS 0x00000000e5e00000, 0x00000000e5e00000| Untracked 
|  95|0x00000000e5f00000, 0x00000000e5f00000, 0x00000000e6000000|  0%| F|  |TAMS 0x00000000e5f00000, 0x00000000e5f00000| Untracked 
|  96|0x00000000e6000000, 0x00000000e6000000, 0x00000000e6100000|  0%| F|  |TAMS 0x00000000e6000000, 0x00000000e6000000| Untracked 
|  97|0x00000000e6100000, 0x00000000e6100000, 0x00000000e6200000|  0%| F|  |TAMS 0x00000000e6100000, 0x00000000e6100000| Untracked 
|  98|0x00000000e6200000, 0x00000000e6200000, 0x00000000e6300000|  0%| F|  |TAMS 0x00000000e6200000, 0x00000000e6200000| Untracked 
|  99|0x00000000e6300000, 0x00000000e6300000, 0x00000000e6400000|  0%| F|  |TAMS 0x00000000e6300000, 0x00000000e6300000| Untracked 
| 100|0x00000000e6400000, 0x00000000e6400000, 0x00000000e6500000|  0%| F|  |TAMS 0x00000000e6400000, 0x00000000e6400000| Untracked 
| 101|0x00000000e6500000, 0x00000000e6500000, 0x00000000e6600000|  0%| F|  |TAMS 0x00000000e6500000, 0x00000000e6500000| Untracked 
| 102|0x00000000e6600000, 0x00000000e6600000, 0x00000000e6700000|  0%| F|  |TAMS 0x00000000e6600000, 0x00000000e6600000| Untracked 
| 103|0x00000000e6700000, 0x00000000e6700000, 0x00000000e6800000|  0%| F|  |TAMS 0x00000000e6700000, 0x00000000e6700000| Untracked 
| 104|0x00000000e6800000, 0x00000000e6800000, 0x00000000e6900000|  0%| F|  |TAMS 0x00000000e6800000, 0x00000000e6800000| Untracked 
| 105|0x00000000e6900000, 0x00000000e6900000, 0x00000000e6a00000|  0%| F|  |TAMS 0x00000000e6900000, 0x00000000e6900000| Untracked 
| 106|0x00000000e6a00000, 0x00000000e6a00000, 0x00000000e6b00000|  0%| F|  |TAMS 0x00000000e6a00000, 0x00000000e6a00000| Untracked 
| 107|0x00000000e6b00000, 0x00000000e6b00000, 0x00000000e6c00000|  0%| F|  |TAMS 0x00000000e6b00000, 0x00000000e6b00000| Untracked 
| 108|0x00000000e6c00000, 0x00000000e6c00000, 0x00000000e6d00000|  0%| F|  |TAMS 0x00000000e6c00000, 0x00000000e6c00000| Untracked 
| 109|0x00000000e6d00000, 0x00000000e6d00000, 0x00000000e6e00000|  0%| F|  |TAMS 0x00000000e6d00000, 0x00000000e6d00000| Untracked 
| 110|0x00000000e6e00000, 0x00000000e6e00000, 0x00000000e6f00000|  0%| F|  |TAMS 0x00000000e6e00000, 0x00000000e6e00000| Untracked 
| 111|0x00000000e6f00000, 0x00000000e6f00000, 0x00000000e7000000|  0%| F|  |TAMS 0x00000000e6f00000, 0x00000000e6f00000| Untracked 
| 112|0x00000000e7000000, 0x00000000e7000000, 0x00000000e7100000|  0%| F|  |TAMS 0x00000000e7000000, 0x00000000e7000000| Untracked 
| 113|0x00000000e7100000, 0x00000000e7100000, 0x00000000e7200000|  0%| F|  |TAMS 0x00000000e7100000, 0x00000000e7100000| Untracked 
| 114|0x00000000e7200000, 0x00000000e7200000, 0x00000000e7300000|  0%| F|  |TAMS 0x00000000e7200000, 0x00000000e7200000| Untracked 
| 115|0x00000000e7300000, 0x00000000e7300000, 0x00000000e7400000|  0%| F|  |TAMS 0x00000000e7300000, 0x00000000e7300000| Untracked 
| 116|0x00000000e7400000, 0x00000000e7400000, 0x00000000e7500000|  0%| F|  |TAMS 0x00000000e7400000, 0x00000000e7400000| Untracked 
| 117|0x00000000e7500000, 0x00000000e7500000, 0x00000000e7600000|  0%| F|  |TAMS 0x00000000e7500000, 0x00000000e7500000| Untracked 
| 118|0x00000000e7600000, 0x00000000e7600000, 0x00000000e7700000|  0%| F|  |TAMS 0x00000000e7600000, 0x00000000e7600000| Untracked 
| 119|0x00000000e7700000, 0x00000000e7700000, 0x00000000e7800000|  0%| F|  |TAMS 0x00000000e7700000, 0x00000000e7700000| Untracked 
| 120|0x00000000e7800000, 0x00000000e7800000, 0x00000000e7900000|  0%| F|  |TAMS 0x00000000e7800000, 0x00000000e7800000| Untracked 
| 121|0x00000000e7900000, 0x00000000e7900000, 0x00000000e7a00000|  0%| F|  |TAMS 0x00000000e7900000, 0x00000000e7900000| Untracked 
| 122|0x00000000e7a00000, 0x00000000e7a00000, 0x00000000e7b00000|  0%| F|  |TAMS 0x00000000e7a00000, 0x00000000e7a00000| Untracked 
| 123|0x00000000e7b00000, 0x00000000e7b00000, 0x00000000e7c00000|  0%| F|  |TAMS 0x00000000e7b00000, 0x00000000e7b00000| Untracked 
| 124|0x00000000e7c00000, 0x00000000e7c00000, 0x00000000e7d00000|  0%| F|  |TAMS 0x00000000e7c00000, 0x00000000e7c00000| Untracked 
| 125|0x00000000e7d00000, 0x00000000e7d00000, 0x00000000e7e00000|  0%| F|  |TAMS 0x00000000e7d00000, 0x00000000e7d00000| Untracked 
| 126|0x00000000e7e00000, 0x00000000e7e00000, 0x00000000e7f00000|  0%| F|  |TAMS 0x00000000e7e00000, 0x00000000e7e00000| Untracked 
| 127|0x00000000e7f00000, 0x00000000e7f00000, 0x00000000e8000000|  0%| F|  |TAMS 0x00000000e7f00000, 0x00000000e7f00000| Untracked 
| 128|0x00000000e8000000, 0x00000000e8000000, 0x00000000e8100000|  0%| F|  |TAMS 0x00000000e8000000, 0x00000000e8000000| Untracked 
| 129|0x00000000e8100000, 0x00000000e8100000, 0x00000000e8200000|  0%| F|  |TAMS 0x00000000e8100000, 0x00000000e8100000| Untracked 
| 130|0x00000000e8200000, 0x00000000e8200000, 0x00000000e8300000|  0%| F|  |TAMS 0x00000000e8200000, 0x00000000e8200000| Untracked 
| 131|0x00000000e8300000, 0x00000000e8300000, 0x00000000e8400000|  0%| F|  |TAMS 0x00000000e8300000, 0x00000000e8300000| Untracked 
| 132|0x00000000e8400000, 0x00000000e8400000, 0x00000000e8500000|  0%| F|  |TAMS 0x00000000e8400000, 0x00000000e8400000| Untracked 
| 133|0x00000000e8500000, 0x00000000e8500000, 0x00000000e8600000|  0%| F|  |TAMS 0x00000000e8500000, 0x00000000e8500000| Untracked 
| 134|0x00000000e8600000, 0x00000000e8600000, 0x00000000e8700000|  0%| F|  |TAMS 0x00000000e8600000, 0x00000000e8600000| Untracked 
| 135|0x00000000e8700000, 0x00000000e8700000, 0x00000000e8800000|  0%| F|  |TAMS 0x00000000e8700000, 0x00000000e8700000| Untracked 
| 136|0x00000000e8800000, 0x00000000e8800000, 0x00000000e8900000|  0%| F|  |TAMS 0x00000000e8800000, 0x00000000e8800000| Untracked 
| 137|0x00000000e8900000, 0x00000000e8900000, 0x00000000e8a00000|  0%| F|  |TAMS 0x00000000e8900000, 0x00000000e8900000| Untracked 
| 138|0x00000000e8a00000, 0x00000000e8a00000, 0x00000000e8b00000|  0%| F|  |TAMS 0x00000000e8a00000, 0x00000000e8a00000| Untracked 
| 139|0x00000000e8b00000, 0x00000000e8b00000, 0x00000000e8c00000|  0%| F|  |TAMS 0x00000000e8b00000, 0x00000000e8b00000| Untracked 
| 140|0x00000000e8c00000, 0x00000000e8c00000, 0x00000000e8d00000|  0%| F|  |TAMS 0x00000000e8c00000, 0x00000000e8c00000| Untracked 
| 141|0x00000000e8d00000, 0x00000000e8d00000, 0x00000000e8e00000|  0%| F|  |TAMS 0x00000000e8d00000, 0x00000000e8d00000| Untracked 
| 142|0x00000000e8e00000, 0x00000000e8e00000, 0x00000000e8f00000|  0%| F|  |TAMS 0x00000000e8e00000, 0x00000000e8e00000| Untracked 
| 143|0x00000000e8f00000, 0x00000000e8f00000, 0x00000000e9000000|  0%| F|  |TAMS 0x00000000e8f00000, 0x00000000e8f00000| Untracked 
| 144|0x00000000e9000000, 0x00000000e9000000, 0x00000000e9100000|  0%| F|  |TAMS 0x00000000e9000000, 0x00000000e9000000| Untracked 
| 145|0x00000000e9100000, 0x00000000e9100000, 0x00000000e9200000|  0%| F|  |TAMS 0x00000000e9100000, 0x00000000e9100000| Untracked 
| 146|0x00000000e9200000, 0x00000000e9200000, 0x00000000e9300000|  0%| F|  |TAMS 0x00000000e9200000, 0x00000000e9200000| Untracked 
| 147|0x00000000e9300000, 0x00000000e9300000, 0x00000000e9400000|  0%| F|  |TAMS 0x00000000e9300000, 0x00000000e9300000| Untracked 
| 148|0x00000000e9400000, 0x00000000e9400000, 0x00000000e9500000|  0%| F|  |TAMS 0x00000000e9400000, 0x00000000e9400000| Untracked 
| 149|0x00000000e9500000, 0x00000000e9500000, 0x00000000e9600000|  0%| F|  |TAMS 0x00000000e9500000, 0x00000000e9500000| Untracked 
| 150|0x00000000e9600000, 0x00000000e9600000, 0x00000000e9700000|  0%| F|  |TAMS 0x00000000e9600000, 0x00000000e9600000| Untracked 
| 151|0x00000000e9700000, 0x00000000e9700000, 0x00000000e9800000|  0%| F|  |TAMS 0x00000000e9700000, 0x00000000e9700000| Untracked 
| 152|0x00000000e9800000, 0x00000000e9800000, 0x00000000e9900000|  0%| F|  |TAMS 0x00000000e9800000, 0x00000000e9800000| Untracked 
| 153|0x00000000e9900000, 0x00000000e9900000, 0x00000000e9a00000|  0%| F|  |TAMS 0x00000000e9900000, 0x00000000e9900000| Untracked 
| 154|0x00000000e9a00000, 0x00000000e9a00000, 0x00000000e9b00000|  0%| F|  |TAMS 0x00000000e9a00000, 0x00000000e9a00000| Untracked 
| 155|0x00000000e9b00000, 0x00000000e9b00000, 0x00000000e9c00000|  0%| F|  |TAMS 0x00000000e9b00000, 0x00000000e9b00000| Untracked 
| 156|0x00000000e9c00000, 0x00000000e9c00000, 0x00000000e9d00000|  0%| F|  |TAMS 0x00000000e9c00000, 0x00000000e9c00000| Untracked 
| 157|0x00000000e9d00000, 0x00000000e9d00000, 0x00000000e9e00000|  0%| F|  |TAMS 0x00000000e9d00000, 0x00000000e9d00000| Untracked 
| 158|0x00000000e9e00000, 0x00000000e9e00000, 0x00000000e9f00000|  0%| F|  |TAMS 0x00000000e9e00000, 0x00000000e9e00000| Untracked 
| 159|0x00000000e9f00000, 0x00000000e9f00000, 0x00000000ea000000|  0%| F|  |TAMS 0x00000000e9f00000, 0x00000000e9f00000| Untracked 
| 160|0x00000000ea000000, 0x00000000ea000000, 0x00000000ea100000|  0%| F|  |TAMS 0x00000000ea000000, 0x00000000ea000000| Untracked 
| 161|0x00000000ea100000, 0x00000000ea100000, 0x00000000ea200000|  0%| F|  |TAMS 0x00000000ea100000, 0x00000000ea100000| Untracked 
| 162|0x00000000ea200000, 0x00000000ea200000, 0x00000000ea300000|  0%| F|  |TAMS 0x00000000ea200000, 0x00000000ea200000| Untracked 
| 163|0x00000000ea300000, 0x00000000ea300000, 0x00000000ea400000|  0%| F|  |TAMS 0x00000000ea300000, 0x00000000ea300000| Untracked 
| 164|0x00000000ea400000, 0x00000000ea400000, 0x00000000ea500000|  0%| F|  |TAMS 0x00000000ea400000, 0x00000000ea400000| Untracked 
| 165|0x00000000ea500000, 0x00000000ea500000, 0x00000000ea600000|  0%| F|  |TAMS 0x00000000ea500000, 0x00000000ea500000| Untracked 
| 166|0x00000000ea600000, 0x00000000ea600000, 0x00000000ea700000|  0%| F|  |TAMS 0x00000000ea600000, 0x00000000ea600000| Untracked 
| 167|0x00000000ea700000, 0x00000000ea700000, 0x00000000ea800000|  0%| F|  |TAMS 0x00000000ea700000, 0x00000000ea700000| Untracked 
| 168|0x00000000ea800000, 0x00000000ea800000, 0x00000000ea900000|  0%| F|  |TAMS 0x00000000ea800000, 0x00000000ea800000| Untracked 
| 169|0x00000000ea900000, 0x00000000ea900000, 0x00000000eaa00000|  0%| F|  |TAMS 0x00000000ea900000, 0x00000000ea900000| Untracked 
| 170|0x00000000eaa00000, 0x00000000eaa00000, 0x00000000eab00000|  0%| F|  |TAMS 0x00000000eaa00000, 0x00000000eaa00000| Untracked 
| 171|0x00000000eab00000, 0x00000000eab00000, 0x00000000eac00000|  0%| F|  |TAMS 0x00000000eab00000, 0x00000000eab00000| Untracked 
| 172|0x00000000eac00000, 0x00000000eac00000, 0x00000000ead00000|  0%| F|  |TAMS 0x00000000eac00000, 0x00000000eac00000| Untracked 
| 173|0x00000000ead00000, 0x00000000ead00000, 0x00000000eae00000|  0%| F|  |TAMS 0x00000000ead00000, 0x00000000ead00000| Untracked 
| 174|0x00000000eae00000, 0x00000000eae00000, 0x00000000eaf00000|  0%| F|  |TAMS 0x00000000eae00000, 0x00000000eae00000| Untracked 
| 175|0x00000000eaf00000, 0x00000000eaf00000, 0x00000000eb000000|  0%| F|  |TAMS 0x00000000eaf00000, 0x00000000eaf00000| Untracked 
| 176|0x00000000eb000000, 0x00000000eb000000, 0x00000000eb100000|  0%| F|  |TAMS 0x00000000eb000000, 0x00000000eb000000| Untracked 
| 177|0x00000000eb100000, 0x00000000eb100000, 0x00000000eb200000|  0%| F|  |TAMS 0x00000000eb100000, 0x00000000eb100000| Untracked 
| 178|0x00000000eb200000, 0x00000000eb200000, 0x00000000eb300000|  0%| F|  |TAMS 0x00000000eb200000, 0x00000000eb200000| Untracked 
| 179|0x00000000eb300000, 0x00000000eb300000, 0x00000000eb400000|  0%| F|  |TAMS 0x00000000eb300000, 0x00000000eb300000| Untracked 
| 180|0x00000000eb400000, 0x00000000eb400000, 0x00000000eb500000|  0%| F|  |TAMS 0x00000000eb400000, 0x00000000eb400000| Untracked 
| 181|0x00000000eb500000, 0x00000000eb500000, 0x00000000eb600000|  0%| F|  |TAMS 0x00000000eb500000, 0x00000000eb500000| Untracked 
| 182|0x00000000eb600000, 0x00000000eb600000, 0x00000000eb700000|  0%| F|  |TAMS 0x00000000eb600000, 0x00000000eb600000| Untracked 
| 183|0x00000000eb700000, 0x00000000eb700000, 0x00000000eb800000|  0%| F|  |TAMS 0x00000000eb700000, 0x00000000eb700000| Untracked 
| 184|0x00000000eb800000, 0x00000000eb800000, 0x00000000eb900000|  0%| F|  |TAMS 0x00000000eb800000, 0x00000000eb800000| Untracked 
| 185|0x00000000eb900000, 0x00000000eb980c10, 0x00000000eba00000| 50%| E|  |TAMS 0x00000000eb900000, 0x00000000eb900000| Complete 
| 186|0x00000000eba00000, 0x00000000ebb00000, 0x00000000ebb00000|100%| E|CS|TAMS 0x00000000eba00000, 0x00000000eba00000| Complete 
| 187|0x00000000ebb00000, 0x00000000ebc00000, 0x00000000ebc00000|100%| E|CS|TAMS 0x00000000ebb00000, 0x00000000ebb00000| Complete 
| 188|0x00000000ebc00000, 0x00000000ebd00000, 0x00000000ebd00000|100%| E|CS|TAMS 0x00000000ebc00000, 0x00000000ebc00000| Complete 
| 189|0x00000000ebd00000, 0x00000000ebe00000, 0x00000000ebe00000|100%| E|CS|TAMS 0x00000000ebd00000, 0x00000000ebd00000| Complete 
| 190|0x00000000ebe00000, 0x00000000ebf00000, 0x00000000ebf00000|100%| E|CS|TAMS 0x00000000ebe00000, 0x00000000ebe00000| Complete 
| 191|0x00000000ebf00000, 0x00000000ec000000, 0x00000000ec000000|100%| E|CS|TAMS 0x00000000ebf00000, 0x00000000ebf00000| Complete 
| 192|0x00000000ec000000, 0x00000000ec100000, 0x00000000ec100000|100%| E|CS|TAMS 0x00000000ec000000, 0x00000000ec000000| Complete 
| 193|0x00000000ec100000, 0x00000000ec200000, 0x00000000ec200000|100%| E|CS|TAMS 0x00000000ec100000, 0x00000000ec100000| Complete 
| 194|0x00000000ec200000, 0x00000000ec300000, 0x00000000ec300000|100%| E|CS|TAMS 0x00000000ec200000, 0x00000000ec200000| Complete 
| 195|0x00000000ec300000, 0x00000000ec400000, 0x00000000ec400000|100%| E|CS|TAMS 0x00000000ec300000, 0x00000000ec300000| Complete 
| 196|0x00000000ec400000, 0x00000000ec500000, 0x00000000ec500000|100%| E|CS|TAMS 0x00000000ec400000, 0x00000000ec400000| Complete 
| 197|0x00000000ec500000, 0x00000000ec600000, 0x00000000ec600000|100%| E|CS|TAMS 0x00000000ec500000, 0x00000000ec500000| Complete 
| 198|0x00000000ec600000, 0x00000000ec700000, 0x00000000ec700000|100%| E|CS|TAMS 0x00000000ec600000, 0x00000000ec600000| Complete 
| 199|0x00000000ec700000, 0x00000000ec800000, 0x00000000ec800000|100%| E|CS|TAMS 0x00000000ec700000, 0x00000000ec700000| Complete 
| 200|0x00000000ec800000, 0x00000000ec900000, 0x00000000ec900000|100%| E|CS|TAMS 0x00000000ec800000, 0x00000000ec800000| Complete 
| 201|0x00000000ec900000, 0x00000000eca00000, 0x00000000eca00000|100%| E|CS|TAMS 0x00000000ec900000, 0x00000000ec900000| Complete 
| 202|0x00000000eca00000, 0x00000000ecb00000, 0x00000000ecb00000|100%| E|CS|TAMS 0x00000000eca00000, 0x00000000eca00000| Complete 
| 203|0x00000000ecb00000, 0x00000000ecc00000, 0x00000000ecc00000|100%| E|CS|TAMS 0x00000000ecb00000, 0x00000000ecb00000| Complete 
| 204|0x00000000ecc00000, 0x00000000ecd00000, 0x00000000ecd00000|100%| E|CS|TAMS 0x00000000ecc00000, 0x00000000ecc00000| Complete 
| 205|0x00000000ecd00000, 0x00000000ece00000, 0x00000000ece00000|100%| E|CS|TAMS 0x00000000ecd00000, 0x00000000ecd00000| Complete 
| 206|0x00000000ece00000, 0x00000000ecf00000, 0x00000000ecf00000|100%| E|CS|TAMS 0x00000000ece00000, 0x00000000ece00000| Complete 
| 207|0x00000000ecf00000, 0x00000000ed000000, 0x00000000ed000000|100%| E|CS|TAMS 0x00000000ecf00000, 0x00000000ecf00000| Complete 
| 208|0x00000000ed000000, 0x00000000ed100000, 0x00000000ed100000|100%| E|CS|TAMS 0x00000000ed000000, 0x00000000ed000000| Complete 
| 209|0x00000000ed100000, 0x00000000ed200000, 0x00000000ed200000|100%| E|CS|TAMS 0x00000000ed100000, 0x00000000ed100000| Complete 
| 210|0x00000000ed200000, 0x00000000ed300000, 0x00000000ed300000|100%| E|CS|TAMS 0x00000000ed200000, 0x00000000ed200000| Complete 
| 211|0x00000000ed300000, 0x00000000ed400000, 0x00000000ed400000|100%| E|CS|TAMS 0x00000000ed300000, 0x00000000ed300000| Complete 
| 212|0x00000000ed400000, 0x00000000ed500000, 0x00000000ed500000|100%| E|CS|TAMS 0x00000000ed400000, 0x00000000ed400000| Complete 
| 213|0x00000000ed500000, 0x00000000ed600000, 0x00000000ed600000|100%| E|CS|TAMS 0x00000000ed500000, 0x00000000ed500000| Complete 
| 214|0x00000000ed600000, 0x00000000ed700000, 0x00000000ed700000|100%| E|CS|TAMS 0x00000000ed600000, 0x00000000ed600000| Complete 
| 215|0x00000000ed700000, 0x00000000ed800000, 0x00000000ed800000|100%| E|CS|TAMS 0x00000000ed700000, 0x00000000ed700000| Complete 
| 216|0x00000000ed800000, 0x00000000ed900000, 0x00000000ed900000|100%| E|CS|TAMS 0x00000000ed800000, 0x00000000ed800000| Complete 
| 217|0x00000000ed900000, 0x00000000eda00000, 0x00000000eda00000|100%| E|CS|TAMS 0x00000000ed900000, 0x00000000ed900000| Complete 
| 218|0x00000000eda00000, 0x00000000edb00000, 0x00000000edb00000|100%| E|CS|TAMS 0x00000000eda00000, 0x00000000eda00000| Complete 
| 219|0x00000000edb00000, 0x00000000edc00000, 0x00000000edc00000|100%| E|CS|TAMS 0x00000000edb00000, 0x00000000edb00000| Complete 
| 220|0x00000000edc00000, 0x00000000edd00000, 0x00000000edd00000|100%| E|CS|TAMS 0x00000000edc00000, 0x00000000edc00000| Complete 
| 221|0x00000000edd00000, 0x00000000ede00000, 0x00000000ede00000|100%| E|CS|TAMS 0x00000000edd00000, 0x00000000edd00000| Complete 
| 222|0x00000000ede00000, 0x00000000edf00000, 0x00000000edf00000|100%| E|CS|TAMS 0x00000000ede00000, 0x00000000ede00000| Complete 
| 223|0x00000000edf00000, 0x00000000ee000000, 0x00000000ee000000|100%| E|CS|TAMS 0x00000000edf00000, 0x00000000edf00000| Complete 
| 224|0x00000000ee000000, 0x00000000ee100000, 0x00000000ee100000|100%| E|CS|TAMS 0x00000000ee000000, 0x00000000ee000000| Complete 
| 225|0x00000000ee100000, 0x00000000ee124cd0, 0x00000000ee200000| 14%| S|CS|TAMS 0x00000000ee100000, 0x00000000ee100000| Complete 
| 226|0x00000000ee200000, 0x00000000ee300000, 0x00000000ee300000|100%| S|CS|TAMS 0x00000000ee200000, 0x00000000ee200000| Complete 
| 227|0x00000000ee300000, 0x00000000ee400000, 0x00000000ee400000|100%| E|CS|TAMS 0x00000000ee300000, 0x00000000ee300000| Complete 
| 228|0x00000000ee400000, 0x00000000ee500000, 0x00000000ee500000|100%| E|CS|TAMS 0x00000000ee400000, 0x00000000ee400000| Complete 
| 229|0x00000000ee500000, 0x00000000ee600000, 0x00000000ee600000|100%| E|CS|TAMS 0x00000000ee500000, 0x00000000ee500000| Complete 
| 230|0x00000000ee600000, 0x00000000ee700000, 0x00000000ee700000|100%| E|CS|TAMS 0x00000000ee600000, 0x00000000ee600000| Complete 
| 231|0x00000000ee700000, 0x00000000ee800000, 0x00000000ee800000|100%| E|CS|TAMS 0x00000000ee700000, 0x00000000ee700000| Complete 
| 232|0x00000000ee800000, 0x00000000ee900000, 0x00000000ee900000|100%| E|CS|TAMS 0x00000000ee800000, 0x00000000ee800000| Complete 
| 233|0x00000000ee900000, 0x00000000eea00000, 0x00000000eea00000|100%| E|CS|TAMS 0x00000000ee900000, 0x00000000ee900000| Complete 
| 234|0x00000000eea00000, 0x00000000eeb00000, 0x00000000eeb00000|100%| E|CS|TAMS 0x00000000eea00000, 0x00000000eea00000| Complete 
| 235|0x00000000eeb00000, 0x00000000eec00000, 0x00000000eec00000|100%| E|CS|TAMS 0x00000000eeb00000, 0x00000000eeb00000| Complete 
| 236|0x00000000eec00000, 0x00000000eed00000, 0x00000000eed00000|100%| E|CS|TAMS 0x00000000eec00000, 0x00000000eec00000| Complete 
| 237|0x00000000eed00000, 0x00000000eee00000, 0x00000000eee00000|100%| E|CS|TAMS 0x00000000eed00000, 0x00000000eed00000| Complete 
| 238|0x00000000eee00000, 0x00000000eef00000, 0x00000000eef00000|100%| E|CS|TAMS 0x00000000eee00000, 0x00000000eee00000| Complete 
| 239|0x00000000eef00000, 0x00000000ef000000, 0x00000000ef000000|100%| E|CS|TAMS 0x00000000eef00000, 0x00000000eef00000| Complete 
| 240|0x00000000ef000000, 0x00000000ef100000, 0x00000000ef100000|100%| E|CS|TAMS 0x00000000ef000000, 0x00000000ef000000| Complete 
| 241|0x00000000ef100000, 0x00000000ef200000, 0x00000000ef200000|100%| E|CS|TAMS 0x00000000ef100000, 0x00000000ef100000| Complete 
| 242|0x00000000ef200000, 0x00000000ef300000, 0x00000000ef300000|100%| E|CS|TAMS 0x00000000ef200000, 0x00000000ef200000| Complete 
| 243|0x00000000ef300000, 0x00000000ef400000, 0x00000000ef400000|100%| E|CS|TAMS 0x00000000ef300000, 0x00000000ef300000| Complete 
| 244|0x00000000ef400000, 0x00000000ef500000, 0x00000000ef500000|100%| E|CS|TAMS 0x00000000ef400000, 0x00000000ef400000| Complete 
| 245|0x00000000ef500000, 0x00000000ef600000, 0x00000000ef600000|100%| E|CS|TAMS 0x00000000ef500000, 0x00000000ef500000| Complete 
| 246|0x00000000ef600000, 0x00000000ef700000, 0x00000000ef700000|100%| E|CS|TAMS 0x00000000ef600000, 0x00000000ef600000| Complete 
| 247|0x00000000ef700000, 0x00000000ef800000, 0x00000000ef800000|100%| E|CS|TAMS 0x00000000ef700000, 0x00000000ef700000| Complete 
| 248|0x00000000ef800000, 0x00000000ef900000, 0x00000000ef900000|100%| E|CS|TAMS 0x00000000ef800000, 0x00000000ef800000| Complete 
| 249|0x00000000ef900000, 0x00000000efa00000, 0x00000000efa00000|100%| E|CS|TAMS 0x00000000ef900000, 0x00000000ef900000| Complete 
| 250|0x00000000efa00000, 0x00000000efb00000, 0x00000000efb00000|100%| E|CS|TAMS 0x00000000efa00000, 0x00000000efa00000| Complete 
| 251|0x00000000efb00000, 0x00000000efc00000, 0x00000000efc00000|100%| E|CS|TAMS 0x00000000efb00000, 0x00000000efb00000| Complete 
| 252|0x00000000efc00000, 0x00000000efd00000, 0x00000000efd00000|100%| E|CS|TAMS 0x00000000efc00000, 0x00000000efc00000| Complete 
| 253|0x00000000efd00000, 0x00000000efe00000, 0x00000000efe00000|100%| E|CS|TAMS 0x00000000efd00000, 0x00000000efd00000| Complete 
| 254|0x00000000efe00000, 0x00000000eff00000, 0x00000000eff00000|100%| E|CS|TAMS 0x00000000efe00000, 0x00000000efe00000| Complete 
| 255|0x00000000eff00000, 0x00000000f0000000, 0x00000000f0000000|100%| E|CS|TAMS 0x00000000eff00000, 0x00000000eff00000| Complete 

Card table byte_map: [0x00000179c85d0000,0x00000179c86d0000] _byte_map_base: 0x00000179c7ed0000

Marking Bits (Prev, Next): (CMBitMap*) 0x00000179af966550, (CMBitMap*) 0x00000179af966590
 Prev Bits: [0x00000179c87d0000, 0x00000179c8fd0000)
 Next Bits: [0x00000179c8fd0000, 0x00000179c97d0000)

Polling page: 0x00000179afa00000

Metaspace:

Usage:
  Non-class:     11.11 MB used.
      Class:      1.78 MB used.
       Both:     12.89 MB used.

Virtual space:
  Non-class space:       64.00 MB reserved,      11.25 MB ( 18%) committed,  1 nodes.
      Class space:      320.00 MB reserved,       1.94 MB ( <1%) committed,  1 nodes.
             Both:      384.00 MB reserved,      13.19 MB (  3%) committed. 

Chunk freelists:
   Non-Class:  4.25 MB
       Class:  14.05 MB
        Both:  18.29 MB

MaxMetaspaceSize: 384.00 MB
CompressedClassSpaceSize: 320.00 MB
Initial GC threshold: 21.00 MB
Current GC threshold: 21.00 MB
CDS: on
MetaspaceReclaimPolicy: balanced
 - commit_granule_bytes: 65536.
 - commit_granule_words: 8192.
 - virtual_space_node_default_size: 8388608.
 - enlarge_chunks_in_place: 1.
 - new_chunks_are_fully_committed: 0.
 - uncommit_free_chunks: 1.
 - use_allocation_guard: 0.
 - handle_deallocations: 1.


Internal statistics:

num_allocs_failed_limit: 0.
num_arena_births: 184.
num_arena_deaths: 0.
num_vsnodes_births: 2.
num_vsnodes_deaths: 0.
num_space_committed: 211.
num_space_uncommitted: 0.
num_chunks_returned_to_freelist: 0.
num_chunks_taken_from_freelist: 570.
num_chunk_merges: 0.
num_chunk_splits: 383.
num_chunks_enlarged: 286.
num_inconsistent_stats: 0.

CodeHeap 'non-profiled nmethods': size=120000Kb used=1091Kb max_used=1091Kb free=118908Kb
 bounds [0x00000179c0630000, 0x00000179c08a0000, 0x00000179c7b60000]
CodeHeap 'profiled nmethods': size=120000Kb used=4576Kb max_used=4576Kb free=115423Kb
 bounds [0x00000179b8b60000, 0x00000179b8fe0000, 0x00000179c0090000]
CodeHeap 'non-nmethods': size=5760Kb used=1220Kb max_used=1246Kb free=4540Kb
 bounds [0x00000179c0090000, 0x00000179c0300000, 0x00000179c0630000]
 total_blobs=2820 nmethods=2295 adapters=437
 compilation: enabled
              stopped_count=0, restarted_count=0
 full_count=0

Compilation events (20 events):
Event: 59.680 Thread 0x00000179cc230f80 2252       3       java.util.LinkedList::<init> (10 bytes)
Event: 59.680 Thread 0x00000179cc230f80 nmethod 2252 0x00000179b8fb8d10 code [0x00000179b8fb8ec0, 0x00000179b8fb9158]
Event: 59.680 Thread 0x00000179cc230f80 2253       3       java.util.AbstractSequentialList::<init> (5 bytes)
Event: 59.680 Thread 0x00000179cc230f80 nmethod 2253 0x00000179b8fb9290 code [0x00000179b8fb9440, 0x00000179b8fb9678]
Event: 59.691 Thread 0x00000179cc230f80 2254       3       sun.reflect.annotation.AnnotationType::getInstance (65 bytes)
Event: 59.692 Thread 0x00000179cc230f80 nmethod 2254 0x00000179b8fb9790 code [0x00000179b8fb9980, 0x00000179b8fb9ef8]
Event: 59.692 Thread 0x00000179cc230f80 2255       3       sun.reflect.annotation.AnnotationParser::parseSig (62 bytes)
Event: 59.693 Thread 0x00000179cc230f80 nmethod 2255 0x00000179b8fba190 code [0x00000179b8fba480, 0x00000179b8fbb658]
Event: 59.693 Thread 0x00000179cc230f80 2256       3       sun.reflect.generics.parser.SignatureParser::parseTypeSig (10 bytes)
Event: 59.693 Thread 0x00000179cc230f80 nmethod 2256 0x00000179b8fbbc10 code [0x00000179b8fbbdc0, 0x00000179b8fbbfc8]
Event: 59.697 Thread 0x00000179cc230f80 2257       1       sun.reflect.annotation.AnnotationType::memberTypes (5 bytes)
Event: 59.697 Thread 0x00000179cc230f80 nmethod 2257 0x00000179c073e410 code [0x00000179c073e5a0, 0x00000179c073e678]
Event: 59.697 Thread 0x00000179cc230f80 2258       1       sun.reflect.annotation.AnnotationType::memberDefaults (5 bytes)
Event: 59.697 Thread 0x00000179cc230f80 nmethod 2258 0x00000179c073e710 code [0x00000179c073e8a0, 0x00000179c073e978]
Event: 59.697 Thread 0x00000179cc230f80 2259       1       sun.reflect.annotation.AnnotationType::retention (5 bytes)
Event: 59.697 Thread 0x00000179cc230f80 nmethod 2259 0x00000179c073ea10 code [0x00000179c073eba0, 0x00000179c073ec78]
Event: 59.734 Thread 0x00000179cc230f80 2261       3       java.lang.Class::privateGetDeclaredMethods (64 bytes)
Event: 59.735 Thread 0x00000179cc230f80 nmethod 2261 0x00000179b8fbc090 code [0x00000179b8fbc2c0, 0x00000179b8fbcab8]
Event: 59.804 Thread 0x00000179cc230f80 2262       3       java.util.concurrent.locks.ReentrantLock$Sync::tryRelease (51 bytes)
Event: 59.804 Thread 0x00000179cc230f80 nmethod 2262 0x00000179b8fbcd10 code [0x00000179b8fbcec0, 0x00000179b8fbd208]

GC Heap History (4 events):
Event: 13.171 GC heap before
{Heap before GC invocations=0 (full 0):
 garbage-first heap   total 262144K, used 26624K [0x00000000e0000000, 0x0000000100000000)
  region size 1024K, 23 young (23552K), 0 survivors (0K)
 Metaspace       used 1990K, committed 2176K, reserved 393216K
  class space    used 206K, committed 320K, reserved 327680K
}
Event: 13.202 GC heap after
{Heap after GC invocations=1 (full 0):
 garbage-first heap   total 262144K, used 11089K [0x00000000e0000000, 0x0000000100000000)
  region size 1024K, 3 young (3072K), 3 survivors (3072K)
 Metaspace       used 1990K, committed 2176K, reserved 393216K
  class space    used 206K, committed 320K, reserved 327680K
}
Event: 27.034 GC heap before
{Heap before GC invocations=1 (full 0):
 garbage-first heap   total 262144K, used 37713K [0x00000000e0000000, 0x0000000100000000)
  region size 1024K, 29 young (29696K), 3 survivors (3072K)
 Metaspace       used 4085K, committed 4288K, reserved 393216K
  class space    used 507K, committed 640K, reserved 327680K
}
Event: 27.043 GC heap after
{Heap after GC invocations=2 (full 0):
 garbage-first heap   total 262144K, used 12145K [0x00000000e0000000, 0x0000000100000000)
  region size 1024K, 2 young (2048K), 2 survivors (2048K)
 Metaspace       used 4085K, committed 4288K, reserved 393216K
  class space    used 507K, committed 640K, reserved 327680K
}

Deoptimization events (20 events):
Event: 58.010 Thread 0x00000179cce9a870 Uncommon trap: trap_request=0xffffffc6 fr.pc=0x00000179c0723de4 relative=0x0000000000000dc4
Event: 58.010 Thread 0x00000179cce9a870 Uncommon trap: reason=bimorphic_or_optimized_type_check action=maybe_recompile pc=0x00000179c0723de4 method=java.util.HashMap.putVal(ILjava/lang/Object;Ljava/lang/Object;ZZ)Ljava/lang/Object; @ 253 c2
Event: 58.010 Thread 0x00000179cce9a870 DEOPT PACKING pc=0x00000179c0723de4 sp=0x0000003b26ffed40
Event: 58.010 Thread 0x00000179cce9a870 DEOPT UNPACKING pc=0x00000179c00e23a3 sp=0x0000003b26ffed00 mode 2
Event: 58.012 Thread 0x00000179cce9a870 Uncommon trap: trap_request=0xffffffc6 fr.pc=0x00000179c0723de4 relative=0x0000000000000dc4
Event: 58.012 Thread 0x00000179cce9a870 Uncommon trap: reason=bimorphic_or_optimized_type_check action=maybe_recompile pc=0x00000179c0723de4 method=java.util.HashMap.putVal(ILjava/lang/Object;Ljava/lang/Object;ZZ)Ljava/lang/Object; @ 253 c2
Event: 58.012 Thread 0x00000179cce9a870 DEOPT PACKING pc=0x00000179c0723de4 sp=0x0000003b26ffee30
Event: 58.012 Thread 0x00000179cce9a870 DEOPT UNPACKING pc=0x00000179c00e23a3 sp=0x0000003b26ffedf0 mode 2
Event: 59.223 Thread 0x00000179cce9a870 Uncommon trap: trap_request=0xffffff45 fr.pc=0x00000179c06cd520 relative=0x0000000000000260
Event: 59.223 Thread 0x00000179cce9a870 Uncommon trap: reason=unstable_if action=reinterpret pc=0x00000179c06cd520 method=java.util.HashMap.getNode(Ljava/lang/Object;)Ljava/util/HashMap$Node; @ 66 c2
Event: 59.223 Thread 0x00000179cce9a870 DEOPT PACKING pc=0x00000179c06cd520 sp=0x0000003b26ffc4c0
Event: 59.223 Thread 0x00000179cce9a870 DEOPT UNPACKING pc=0x00000179c00e23a3 sp=0x0000003b26ffc3e0 mode 2
Event: 59.223 Thread 0x00000179cce9a870 Uncommon trap: trap_request=0xffffff45 fr.pc=0x00000179c0676b98 relative=0x0000000000000258
Event: 59.223 Thread 0x00000179cce9a870 Uncommon trap: reason=unstable_if action=reinterpret pc=0x00000179c0676b98 method=java.util.HashMap.getNode(Ljava/lang/Object;)Ljava/util/HashMap$Node; @ 66 c2
Event: 59.223 Thread 0x00000179cce9a870 DEOPT PACKING pc=0x00000179c0676b98 sp=0x0000003b26ffc460
Event: 59.223 Thread 0x00000179cce9a870 DEOPT UNPACKING pc=0x00000179c00e23a3 sp=0x0000003b26ffc3e0 mode 2
Event: 59.264 Thread 0x00000179cce9a870 Uncommon trap: trap_request=0xffffff45 fr.pc=0x00000179c06d87f0 relative=0x0000000000000250
Event: 59.264 Thread 0x00000179cce9a870 Uncommon trap: reason=unstable_if action=reinterpret pc=0x00000179c06d87f0 method=java.util.concurrent.ConcurrentHashMap.get(Ljava/lang/Object;)Ljava/lang/Object; @ 76 c2
Event: 59.264 Thread 0x00000179cce9a870 DEOPT PACKING pc=0x00000179c06d87f0 sp=0x0000003b26ffb940
Event: 59.264 Thread 0x00000179cce9a870 DEOPT UNPACKING pc=0x00000179c00e23a3 sp=0x0000003b26ffb8a8 mode 2

Classes unloaded (0 events):
No events

Classes redefined (0 events):
No events

Internal exceptions (20 events):
Event: 13.959 Thread 0x00000179af935440 Exception <a 'java/lang/NoSuchMethodError'{0x00000000efcc1b98}: 'int java.lang.invoke.DirectMethodHandle$Holder.invokeStaticInit(java.lang.Object)'> (0x00000000efcc1b98) 
thrown [s\open\src\hotspot\share\interpreter\linkResolver.cpp, line 759]
Event: 15.264 Thread 0x00000179af935440 Exception <a 'java/lang/NoSuchMethodError'{0x00000000ef6ebe90}: 'void java.lang.invoke.DirectMethodHandle$Holder.invokeInterface(java.lang.Object, java.lang.Object, java.lang.Object)'> (0x00000000ef6ebe90) 
thrown [s\open\src\hotspot\share\interpreter\linkResolver.cpp, line 759]
Event: 45.686 Thread 0x00000179af935440 Exception <a 'java/lang/NoSuchMethodError'{0x00000000edabf130}: 'java.lang.Object java.lang.invoke.DirectMethodHandle$Holder.invokeStaticInit(java.lang.Object)'> (0x00000000edabf130) 
thrown [s\open\src\hotspot\share\interpreter\linkResolver.cpp, line 759]
Event: 45.773 Thread 0x00000179af935440 Exception <a 'java/lang/NoSuchMethodError'{0x00000000ed9483f0}: 'java.lang.Object java.lang.invoke.DirectMethodHandle$Holder.invokeInterface(java.lang.Object, java.lang.Object)'> (0x00000000ed9483f0) 
thrown [s\open\src\hotspot\share\interpreter\linkResolver.cpp, line 759]
Event: 46.223 Thread 0x00000179af935440 Exception <a 'java/lang/NoSuchMethodError'{0x00000000ed4bb388}: 'java.lang.Object java.lang.invoke.DirectMethodHandle$Holder.invokeStaticInit(java.lang.Object, int, int, int, int)'> (0x00000000ed4bb388) 
thrown [s\open\src\hotspot\share\interpreter\linkResolver.cpp, line 759]
Event: 48.582 Thread 0x00000179af935440 Exception <a 'java/lang/NoSuchMethodError'{0x00000000ed3b04a8}: 'java.lang.Object java.lang.invoke.DirectMethodHandle$Holder.invokeStaticInit(java.lang.Object, java.lang.Object, int, int, int, int)'> (0x00000000ed3b04a8) 
thrown [s\open\src\hotspot\share\interpreter\linkResolver.cpp, line 759]
Event: 52.287 Thread 0x00000179af935440 Exception <a 'java/lang/NoSuchMethodError'{0x00000000ed1c4188}: 'void java.lang.invoke.DirectMethodHandle$Holder.invokeStatic(java.lang.Object, java.lang.Object, java.lang.Object)'> (0x00000000ed1c4188) 
thrown [s\open\src\hotspot\share\interpreter\linkResolver.cpp, line 759]
Event: 52.421 Thread 0x00000179af935440 Exception <a 'java/io/IOException'{0x00000000ed090610}> (0x00000000ed090610) 
thrown [s\open\src\hotspot\share\prims\jni.cpp, line 516]
Event: 52.430 Thread 0x00000179af935440 Implicit null exception at 0x00000179c067dbd5 to 0x00000179c067e1dc
Event: 58.711 Thread 0x00000179cce9a870 Exception <a 'java/lang/NoSuchMethodError'{0x00000000ecaf8830}: 'void java.lang.invoke.DirectMethodHandle$Holder.invokeSpecial(java.lang.Object, java.lang.Object, java.lang.Object)'> (0x00000000ecaf8830) 
thrown [s\open\src\hotspot\share\interpreter\linkResolver.cpp, line 759]
Event: 58.832 Thread 0x00000179cce9a870 Exception <a 'java/lang/NoSuchMethodError'{0x00000000ec9c0ce0}: 'long java.lang.invoke.DirectMethodHandle$Holder.invokeInterface(java.lang.Object, java.lang.Object)'> (0x00000000ec9c0ce0) 
thrown [s\open\src\hotspot\share\interpreter\linkResolver.cpp, line 759]
Event: 59.112 Thread 0x00000179cce9a870 Exception <a 'java/lang/NoSuchMethodError'{0x00000000ec40ca78}: 'void java.lang.invoke.DirectMethodHandle$Holder.invokeStatic(java.lang.Object, java.lang.Object)'> (0x00000000ec40ca78) 
thrown [s\open\src\hotspot\share\interpreter\linkResolver.cpp, line 759]
Event: 59.248 Thread 0x00000179cce9a870 Exception <a 'java/lang/NoSuchMethodError'{0x00000000ec3c98e8}: 'java.lang.Object java.lang.invoke.DirectMethodHandle$Holder.newInvokeSpecial(java.lang.Object, java.lang.Object, java.lang.Object, java.lang.Object, java.lang.Object)'> (0x00000000ec3c98e8) 
thrown [s\open\src\hotspot\share\interpreter\linkResolver.cpp, line 759]
Event: 59.414 Thread 0x00000179cce9a870 Exception <a 'java/lang/NoSuchMethodError'{0x00000000ec0a9848}: 'java.lang.Object java.lang.invoke.DirectMethodHandle$Holder.newInvokeSpecial(java.lang.Object, java.lang.Object, java.lang.Object, java.lang.Object, java.lang.Object, java.lang.Object)'> (0x00000000ec0a9848) 
thrown [s\open\src\hotspot\share\interpreter\linkResolver.cpp, line 759]
Event: 59.420 Thread 0x00000179cce9a870 Exception <a 'java/lang/NoSuchMethodError'{0x00000000ec0c1e48}: 'void java.lang.invoke.DirectMethodHandle$Holder.invokeSpecial(java.lang.Object, java.lang.Object, java.lang.Object, java.lang.Object, java.lang.Object)'> (0x00000000ec0c1e48) 
thrown [s\open\src\hotspot\share\interpreter\linkResolver.cpp, line 759]
Event: 59.427 Thread 0x00000179cce9a870 Exception <a 'java/lang/NoSuchMethodError'{0x00000000ec0d65f8}: 'void java.lang.invoke.DirectMethodHandle$Holder.invokeStaticInit(java.lang.Object, java.lang.Object)'> (0x00000000ec0d65f8) 
thrown [s\open\src\hotspot\share\interpreter\linkResolver.cpp, line 759]
Event: 59.599 Thread 0x00000179cce9a870 Exception <a 'java/lang/NoSuchMethodError'{0x00000000ebdb1850}: 'void java.lang.invoke.DelegatingMethodHandle$Holder.reinvoke_L(java.lang.Object, java.lang.Object, java.lang.Object, java.lang.Object, java.lang.Object, java.lang.Object, java.lang.Object, java.lang.Object, java.lang.Object, java.lang.Object)'> (0x00000000ebdb1850) 
thrown [s\open\src\hotspot\share\interpreter\linkResolver.cpp, line 759]
Event: 59.602 Thread 0x00000179cce9a870 Exception <a 'java/lang/NoSuchMethodError'{0x00000000ebdb9cc0}: 'java.lang.Object java.lang.invoke.DirectMethodHandle$Holder.invokeSpecial(java.lang.Object, java.lang.Object, java.lang.Object, java.lang.Object, java.lang.Object, java.lang.Object, java.lang.Object, java.lang.Object, java.lang.Object, java.lang.Object)'> (0x00000000ebdb9cc0) 
thrown [s\open\src\hotspot\share\interpreter\linkResolver.cpp, line 759]
Event: 59.604 Thread 0x00000179cce9a870 Exception <a 'java/lang/NoSuchMethodError'{0x00000000ebdbe590}: 'java.lang.Object java.lang.invoke.Invokers$Holder.invoker(java.lang.Object, java.lang.Object, java.lang.Object, java.lang.Object, java.lang.Object, java.lang.Object, java.lang.Object, java.lang.Object, java.lang.Object, java.lang.Object)'> (0x00000000ebdbe590) 
thrown [s\open\src\hotspot\share\interpreter\linkResolver.cpp, line 759]
Event: 59.604 Thread 0x00000179cce9a870 Exception <a 'java/lang/NoSuchMethodError'{0x00000000ebdc4118}: 'java.lang.Object java.lang.invoke.DirectMethodHandle$Holder.invokeSpecial(java.lang.Object, java.lang.Object, java.lang.Object, java.lang.Object, java.lang.Object, java.lang.Object, java.lang.Object, java.lang.Object, java.lang.Object, java.lang.Object, java.lang.Object)'> (0x00000000ebdc4118) 
thrown [s\open\src\hotspot\share\interpreter\linkResolver.cpp, line 759]

VM Operations (20 events):
Event: 52.271 Executing VM operation: Cleanup done
Event: 52.283 Executing VM operation: HandshakeAllThreads
Event: 52.283 Executing VM operation: HandshakeAllThreads done
Event: 53.298 Executing VM operation: Cleanup
Event: 53.298 Executing VM operation: Cleanup done
Event: 53.499 Executing VM operation: HandshakeAllThreads
Event: 53.499 Executing VM operation: HandshakeAllThreads done
Event: 54.512 Executing VM operation: Cleanup
Event: 54.529 Executing VM operation: Cleanup done
Event: 55.536 Executing VM operation: Cleanup
Event: 55.782 Executing VM operation: Cleanup done
Event: 56.789 Executing VM operation: Cleanup
Event: 56.897 Executing VM operation: Cleanup done
Event: 57.898 Executing VM operation: Cleanup
Event: 57.898 Executing VM operation: Cleanup done
Event: 58.901 Executing VM operation: Cleanup
Event: 58.903 Executing VM operation: Cleanup done
Event: 59.518 Executing VM operation: HandshakeAllThreads
Event: 59.518 Executing VM operation: HandshakeAllThreads done
Event: 60.274 Executing VM operation: HandshakeAllThreads

Events (20 events):
Event: 59.270 loading class java/util/stream/MatchOps$MatchKind done
Event: 59.270 loading class java/util/stream/MatchOps
Event: 59.271 loading class java/util/stream/MatchOps done
Event: 59.271 loading class java/util/stream/MatchOps$MatchOp
Event: 59.272 loading class java/util/stream/MatchOps$MatchOp done
Event: 59.273 loading class java/util/stream/MatchOps$BooleanTerminalSink
Event: 59.273 loading class java/util/stream/MatchOps$BooleanTerminalSink done
Event: 59.274 loading class java/util/stream/MatchOps$1MatchSink
Event: 59.276 loading class java/util/stream/MatchOps$1MatchSink done
Event: 59.436 loading class java/lang/invoke/MethodHandle$1
Event: 59.437 loading class java/lang/invoke/MethodHandle$1 done
Event: 59.471 loading class java/util/ConcurrentModificationException
Event: 59.472 loading class java/util/ConcurrentModificationException done
Event: 59.524 loading class sun/reflect/generics/scope/ConstructorScope
Event: 59.525 loading class sun/reflect/generics/scope/ConstructorScope done
Event: 59.525 loading class sun/reflect/generics/tree/VoidDescriptor
Event: 59.525 loading class sun/reflect/generics/tree/VoidDescriptor done
Event: 59.647 loading class java/io/UncheckedIOException
Event: 59.648 loading class java/io/UncheckedIOException done
Event: 62.459 loading class java/util/concurrent/LinkedBlockingDeque$Itr


Dynamic libraries:
0x00007ff746e60000 - 0x00007ff746e70000 	C:\Program Files\Java\jdk-17\bin\java.exe
0x00007fff90c40000 - 0x00007fff90ea0000 	C:\WINDOWS\SYSTEM32\ntdll.dll
0x00007fff8ee60000 - 0x00007fff8ef27000 	C:\WINDOWS\System32\KERNEL32.DLL
0x00007fff8e0e0000 - 0x00007fff8e4ab000 	C:\WINDOWS\System32\KERNELBASE.dll
0x00007fff8e4b0000 - 0x00007fff8e5fb000 	C:\WINDOWS\System32\ucrtbase.dll
0x00007fff68050000 - 0x00007fff68069000 	C:\Program Files\Java\jdk-17\bin\jli.dll
0x00007fff8fa20000 - 0x00007fff8fad3000 	C:\WINDOWS\System32\ADVAPI32.dll
0x00007fff90b50000 - 0x00007fff90bf9000 	C:\WINDOWS\System32\msvcrt.dll
0x00007fff60da0000 - 0x00007fff60dbb000 	C:\Program Files\Java\jdk-17\bin\VCRUNTIME140.dll
0x00007fff90180000 - 0x00007fff90226000 	C:\WINDOWS\System32\sechost.dll
0x00007fff8fae0000 - 0x00007fff8fbf6000 	C:\WINDOWS\System32\RPCRT4.dll
0x00007fff8eb70000 - 0x00007fff8ed3c000 	C:\WINDOWS\System32\USER32.dll
0x00007fff8de20000 - 0x00007fff8de47000 	C:\WINDOWS\System32\win32u.dll
0x00007fff8ef30000 - 0x00007fff8ef5a000 	C:\WINDOWS\System32\GDI32.dll
0x00007fff8def0000 - 0x00007fff8e021000 	C:\WINDOWS\System32\gdi32full.dll
0x00007fff8e030000 - 0x00007fff8e0d3000 	C:\WINDOWS\System32\msvcp_win.dll
0x00007fff6dff0000 - 0x00007fff6e287000 	C:\WINDOWS\WinSxS\amd64_microsoft.windows.common-controls_6595b64144ccf1df_6.0.26100.3624_none_3e086962e3345f24\COMCTL32.dll
0x00007fff80970000 - 0x00007fff8097b000 	C:\WINDOWS\SYSTEM32\VERSION.dll
0x00007fff90b10000 - 0x00007fff90b3f000 	C:\WINDOWS\System32\IMM32.DLL
0x00007fff856b0000 - 0x00007fff856bc000 	C:\Program Files\Java\jdk-17\bin\vcruntime140_1.dll
0x00007fff33d20000 - 0x00007fff33dae000 	C:\Program Files\Java\jdk-17\bin\msvcp140.dll
0x00007ffeff550000 - 0x00007fff00131000 	C:\Program Files\Java\jdk-17\bin\server\jvm.dll
0x00007fff8f790000 - 0x00007fff8f798000 	C:\WINDOWS\System32\PSAPI.DLL
0x00007fff6f9f0000 - 0x00007fff6f9fa000 	C:\WINDOWS\SYSTEM32\WSOCK32.dll
0x00007fff8eaf0000 - 0x00007fff8eb64000 	C:\WINDOWS\System32\WS2_32.dll
0x00007fff7b100000 - 0x00007fff7b136000 	C:\WINDOWS\SYSTEM32\WINMM.dll
0x00007fff8cd50000 - 0x00007fff8cd6a000 	C:\WINDOWS\SYSTEM32\kernel.appcore.dll
0x00007fff7eec0000 - 0x00007fff7eeca000 	C:\Program Files\Java\jdk-17\bin\jimage.dll
0x00007fff87bc0000 - 0x00007fff87e01000 	C:\WINDOWS\SYSTEM32\DBGHELP.DLL
0x00007fff8fc00000 - 0x00007fff8ff83000 	C:\WINDOWS\System32\combase.dll
0x00007fff907c0000 - 0x00007fff90896000 	C:\WINDOWS\System32\OLEAUT32.dll
0x00007fff7e6e0000 - 0x00007fff7e719000 	C:\WINDOWS\SYSTEM32\dbgcore.DLL
0x00007fff8de50000 - 0x00007fff8dee9000 	C:\WINDOWS\System32\bcryptPrimitives.dll
0x00007fff7ec40000 - 0x00007fff7ec4e000 	C:\Program Files\Java\jdk-17\bin\instrument.dll
0x00007fff55f50000 - 0x00007fff55f75000 	C:\Program Files\Java\jdk-17\bin\java.dll
0x00007fff31110000 - 0x00007fff311e7000 	C:\Program Files\Java\jdk-17\bin\jsvml.dll
0x00007fff8f060000 - 0x00007fff8f789000 	C:\WINDOWS\System32\SHELL32.dll
0x00007fff8e6c0000 - 0x00007fff8e828000 	C:\WINDOWS\System32\wintypes.dll
0x00007fff8baa0000 - 0x00007fff8c2f2000 	C:\WINDOWS\SYSTEM32\windows.storage.dll
0x00007fff906d0000 - 0x00007fff907bd000 	C:\WINDOWS\System32\SHCORE.dll
0x00007fff908b0000 - 0x00007fff90914000 	C:\WINDOWS\System32\shlwapi.dll
0x00007fff8dd30000 - 0x00007fff8dd5f000 	C:\WINDOWS\SYSTEM32\profapi.dll
0x00007fff60be0000 - 0x00007fff60bf8000 	C:\Program Files\Java\jdk-17\bin\zip.dll
0x00007fff5ff80000 - 0x00007fff5ff99000 	C:\Program Files\Java\jdk-17\bin\net.dll
0x00007fff85ab0000 - 0x00007fff85bcd000 	C:\WINDOWS\SYSTEM32\WINHTTP.dll
0x00007fff8d270000 - 0x00007fff8d2da000 	C:\WINDOWS\system32\mswsock.dll
0x00007fff5fe50000 - 0x00007fff5fe66000 	C:\Program Files\Java\jdk-17\bin\nio.dll
0x00007fff7f670000 - 0x00007fff7f680000 	C:\Program Files\Java\jdk-17\bin\verify.dll
0x00007fff61950000 - 0x00007fff61977000 	C:\Users\vnme1\.gradle\native\c067742578af261105cb4f569cf0c3c89f3d7b1fecec35dd04571415982c5e48\windows-amd64\native-platform.dll
0x00007fff3cb80000 - 0x00007fff3ccc4000 	C:\Users\vnme1\.gradle\native\100fb08df4bc3b14c8652ba06237920a3bd2aa13389f12d3474272988ae205f9\windows-amd64\native-platform-file-events.dll
0x00007fff7f660000 - 0x00007fff7f66a000 	C:\Program Files\Java\jdk-17\bin\management.dll
0x00007fff7f650000 - 0x00007fff7f65b000 	C:\Program Files\Java\jdk-17\bin\management_ext.dll
0x00007fff8d510000 - 0x00007fff8d52c000 	C:\WINDOWS\SYSTEM32\CRYPTSP.dll
0x00007fff8ccb0000 - 0x00007fff8ccea000 	C:\WINDOWS\system32\rsaenh.dll
0x00007fff8d310000 - 0x00007fff8d33b000 	C:\WINDOWS\SYSTEM32\USERENV.dll
0x00007fff8d750000 - 0x00007fff8d776000 	C:\WINDOWS\SYSTEM32\bcrypt.dll
0x00007fff8d530000 - 0x00007fff8d53c000 	C:\WINDOWS\SYSTEM32\CRYPTBASE.dll
0x00007fff8c6f0000 - 0x00007fff8c723000 	C:\WINDOWS\SYSTEM32\IPHLPAPI.DLL
0x00007fff90170000 - 0x00007fff9017a000 	C:\WINDOWS\System32\NSI.dll
0x00007fff85e30000 - 0x00007fff85e4f000 	C:\WINDOWS\SYSTEM32\dhcpcsvc6.DLL
0x00007fff85d40000 - 0x00007fff85d65000 	C:\WINDOWS\SYSTEM32\dhcpcsvc.DLL
0x00007fff8c790000 - 0x00007fff8c8b5000 	C:\WINDOWS\SYSTEM32\DNSAPI.dll
0x00007fff7ebe0000 - 0x00007fff7ebee000 	C:\Program Files\Java\jdk-17\bin\sunmscapi.dll
0x00007fff8e8c0000 - 0x00007fff8ea37000 	C:\WINDOWS\System32\CRYPT32.dll
0x00007fff8d710000 - 0x00007fff8d740000 	C:\WINDOWS\SYSTEM32\ncrypt.dll
0x00007fff8d6c0000 - 0x00007fff8d6ff000 	C:\WINDOWS\SYSTEM32\NTASN1.dll
0x00007fff856a0000 - 0x00007fff856a8000 	C:\WINDOWS\system32\wshunix.dll

dbghelp: loaded successfully - version: 4.0.5 - missing functions: none
symbol engine: initialized successfully - sym options: 0x614 - pdb path: .;C:\Program Files\Java\jdk-17\bin;C:\WINDOWS\SYSTEM32;C:\WINDOWS\WinSxS\amd64_microsoft.windows.common-controls_6595b64144ccf1df_6.0.26100.3624_none_3e086962e3345f24;C:\Program Files\Java\jdk-17\bin\server;C:\Users\vnme1\.gradle\native\c067742578af261105cb4f569cf0c3c89f3d7b1fecec35dd04571415982c5e48\windows-amd64;C:\Users\vnme1\.gradle\native\100fb08df4bc3b14c8652ba06237920a3bd2aa13389f12d3474272988ae205f9\windows-amd64

VM Arguments:
jvm_args: --add-opens=java.base/java.util=ALL-UNNAMED --add-opens=java.base/java.lang=ALL-UNNAMED --add-opens=java.base/java.lang.invoke=ALL-UNNAMED --add-opens=java.prefs/java.util.prefs=ALL-UNNAMED --add-opens=java.base/java.nio.charset=ALL-UNNAMED --add-opens=java.base/java.net=ALL-UNNAMED --add-opens=java.base/java.util.concurrent.atomic=ALL-UNNAMED -XX:MaxMetaspaceSize=384m -XX:+HeapDumpOnOutOfMemoryError -Xms256m -Xmx512m -Dfile.encoding=UTF-8 -Duser.country=KR -Duser.language=ko -Duser.variant -javaagent:C:\Users\vnme1\.gradle\wrapper\dists\gradle-8.8-bin\dl7vupf4psengwqhwktix4v1\gradle-8.8\lib\agents\gradle-instrumentation-agent-8.8.jar 
java_command: org.gradle.launcher.daemon.bootstrap.GradleDaemon 8.8
java_class_path (initial): C:\Users\vnme1\.gradle\wrapper\dists\gradle-8.8-bin\dl7vupf4psengwqhwktix4v1\gradle-8.8\lib\gradle-launcher-8.8.jar
Launcher Type: SUN_STANDARD

[Global flags]
     intx CICompilerCount                          = 4                                         {product} {ergonomic}
   size_t CompressedClassSpaceSize                 = 335544320                                 {product} {ergonomic}
     uint ConcGCThreads                            = 2                                         {product} {ergonomic}
     uint G1ConcRefinementThreads                  = 8                                         {product} {ergonomic}
   size_t G1HeapRegionSize                         = 1048576                                   {product} {ergonomic}
    uintx GCDrainStackTargetSize                   = 64                                        {product} {ergonomic}
     bool HeapDumpOnOutOfMemoryError               = true                                   {manageable} {command line}
   size_t InitialHeapSize                          = 268435456                                 {product} {command line}
   size_t MarkStackSize                            = 4194304                                   {product} {ergonomic}
   size_t MaxHeapSize                              = 536870912                                 {product} {command line}
   size_t MaxMetaspaceSize                         = 402653184                                 {product} {command line}
   size_t MaxNewSize                               = 321912832                                 {product} {ergonomic}
   size_t MinHeapDeltaBytes                        = 1048576                                   {product} {ergonomic}
   size_t MinHeapSize                              = 268435456                                 {product} {command line}
    uintx NonNMethodCodeHeapSize                   = 5839372                                {pd product} {ergonomic}
    uintx NonProfiledCodeHeapSize                  = 122909434                              {pd product} {ergonomic}
    uintx ProfiledCodeHeapSize                     = 122909434                              {pd product} {ergonomic}
    uintx ReservedCodeCacheSize                    = 251658240                              {pd product} {ergonomic}
     bool SegmentedCodeCache                       = true                                      {product} {ergonomic}
   size_t SoftMaxHeapSize                          = 536870912                              {manageable} {ergonomic}
     bool UseCompressedClassPointers               = true                           {product lp64_product} {ergonomic}
     bool UseCompressedOops                        = true                           {product lp64_product} {ergonomic}
     bool UseG1GC                                  = true                                      {product} {ergonomic}
     bool UseLargePagesIndividualAllocation        = false                                  {pd product} {ergonomic}

Logging:
Log output configuration:
 #0: stdout all=warning uptime,level,tags
 #1: stderr all=off uptime,level,tags

Environment Variables:
JAVA_HOME=C:\Program Files\Java\jdk-17
PATH=C:\oraclexe\app\oracle\product\11.2.0\server\bin;;C:\Program Files\Java\jdk-17\bin;C:\Python313\Scripts\;C:\Python313\;C:\oraclexe\app\oracle\product\11.2.0\server\bin;C:\Program Files (x86)\VMware\VMware Player\bin\;C:\Program Files\Common Files\Oracle\Java\javapath;C:\Program Files (x86)\NAT Service;C:\WINDOWS\system32;C:\WINDOWS;C:\WINDOWS\System32\Wbem;C:\WINDOWS\System32\WindowsPowerShell\v1.0\;C:\WINDOWS\System32\OpenSSH\;C:\Program Files\dotnet\;C:\Program Files\Git\cmd;%MAVEN_HOME%\bin;C:\Program Files\MySQL\MySQL Server 8.0\bin;C:\Program Files\PuTTY\;C:\Program Files\nodejs\;C:\ProgramData\chocolatey\bin;;C:\Program Files\Docker\Docker\resources\bin;C:\Program Files\MySQL\MySQL Shell 8.0\bin\;C:\Users\vnme1\AppData\Local\Programs\Python\Python39\Scripts\;C:\Users\vnme1\AppData\Local\Programs\Python\Python39\;C:\Users\vnme1\AppData\Local\Microsoft\WindowsApps;C:\Program Files\JetBrains\IntelliJ IDEA 2024.3.4.1\bin\;C:\Users\vnme1\AppData\Local\Programs\Microsoft VS Code\bin;C:\Program Files\Bandizip\;C:\Users\vnme1\.dotnet\tools;C:\Users\vnme1\AppData\Roaming\npm;
USERNAME=vnme1
OS=Windows_NT
PROCESSOR_IDENTIFIER=Intel64 Family 6 Model 142 Stepping 12, GenuineIntel



---------------  S Y S T E M  ---------------

OS:
 Windows 11 , 64 bit Build 26100 (10.0.26100.3624)
OS uptime: 5 days 22:01 hours
Hyper-V role detected

CPU: total 8 (initial active 8) (4 cores per cpu, 2 threads per core) family 6 model 142 stepping 12 microcode 0xde, cx8, cmov, fxsr, ht, mmx, 3dnowpref, sse, sse2, sse3, ssse3, sse4.1, sse4.2, popcnt, lzcnt, tsc, tscinvbit, avx, avx2, aes, erms, clmul, bmi1, bmi2, adx, fma, vzeroupper, clflush, clflushopt, hv

Memory: 4k page, system-wide physical 8001M (160M free)
TotalPageFile size 20289M (AvailPageFile size 453M)
current process WorkingSet (physical memory assigned to process): 82M, peak: 100M
current process commit charge ("private bytes"): 388M, peak: 389M

vm_info: Java HotSpot(TM) 64-Bit Server VM (17.0.13+10-LTS-268) for windows-amd64 JRE (17.0.13+10-LTS-268), built on Sep 30 2024 06:33:13 by "mach5one" with MS VC++ 17.6 (VS2022)

END.
