#
# There is insufficient memory for the Java Runtime Environment to continue.
# Native memory allocation (malloc) failed to allocate 802816 bytes for Chunk::new
# Possible reasons:
#   The system is out of physical RAM or swap space
#   The process is running with CompressedOops enabled, and the Java Heap may be blocking the growth of the native heap
# Possible solutions:
#   Reduce memory load on the system
#   Increase physical memory or swap space
#   Check if swap backing store is full
#   Decrease Java heap size (-Xmx/-Xms)
#   Decrease number of Java threads
#   Decrease Java thread stack sizes (-Xss)
#   Set larger code cache with -XX:ReservedCodeCacheSize=
#   JVM is running with Unscaled Compressed Oops mode in which the Java heap is
#     placed in the first 4GB address space. The Java Heap base address is the
#     maximum limit for the native heap growth. Please use -XX:HeapBaseMinAddress
#     to set the Java Heap base and to place the Java Heap above 4GB virtual address.
# This output file may be truncated or incomplete.
#
#  Out of Memory Error (arena.cpp:189), pid=19592, tid=21032
#
# JRE version: Java(TM) SE Runtime Environment (17.0.13+10) (build 17.0.13+10-LTS-268)
# Java VM: Java HotSpot(TM) 64-Bit Server VM (17.0.13+10-LTS-268, mixed mode, sharing, tiered, compressed oops, compressed class ptrs, g1 gc, windows-amd64)
# No core dump will be written. Minidumps are not enabled by default on client versions of Windows
#

---------------  S U M M A R Y ------------

Command Line: --add-opens=java.base/java.util=ALL-UNNAMED --add-opens=java.base/java.lang=ALL-UNNAMED --add-opens=java.base/java.lang.invoke=ALL-UNNAMED --add-opens=java.prefs/java.util.prefs=ALL-UNNAMED --add-opens=java.base/java.nio.charset=ALL-UNNAMED --add-opens=java.base/java.net=ALL-UNNAMED --add-opens=java.base/java.util.concurrent.atomic=ALL-UNNAMED -XX:MaxMetaspaceSize=384m -XX:+HeapDumpOnOutOfMemoryError -Xms256m -Xmx512m -Dfile.encoding=UTF-8 -Duser.country=KR -Duser.language=ko -Duser.variant -javaagent:C:\Users\vnme1\.gradle\wrapper\dists\gradle-8.8-bin\dl7vupf4psengwqhwktix4v1\gradle-8.8\lib\agents\gradle-instrumentation-agent-8.8.jar org.gradle.launcher.daemon.bootstrap.GradleDaemon 8.8

Host: Intel(R) Core(TM) i5-10210U CPU @ 1.60GHz, 8 cores, 7G,  Windows 11 , 64 bit Build 26100 (10.0.26100.3624)
Time: Wed Apr  9 15:26:14 2025  Windows 11 , 64 bit Build 26100 (10.0.26100.3624) elapsed time: 71.318484 seconds (0d 0h 1m 11s)

---------------  T H R E A D  ---------------

Current thread (0x00000196cfaa32a0):  JavaThread "C2 CompilerThread0" daemon [_thread_in_native, id=21032, stack(0x0000009315f00000,0x0000009316000000)]


Current CompileTask:
C2:  71318 4056       4       org.codehaus.groovy.runtime.metaclass.MetaMethodIndex::addMethodToList (128 bytes)

Stack: [0x0000009315f00000,0x0000009316000000]
Native frames: (J=compiled Java code, j=interpreted, Vv=VM code, C=native code)
V  [jvm.dll+0x67a23a]
V  [jvm.dll+0x7da96d]
V  [jvm.dll+0x7dc2b3]
V  [jvm.dll+0x7dc923]
V  [jvm.dll+0x2450ef]
V  [jvm.dll+0xab793]
V  [jvm.dll+0xabd5c]
V  [jvm.dll+0x2aa58f]
V  [jvm.dll+0x582039]
V  [jvm.dll+0x21f482]
V  [jvm.dll+0x2183db]
V  [jvm.dll+0x215bc5]
V  [jvm.dll+0x1a2980]
V  [jvm.dll+0x22616b]
V  [jvm.dll+0x22430b]
V  [jvm.dll+0x790a8c]
V  [jvm.dll+0x78af1a]
V  [jvm.dll+0x679125]
C  [ucrtbase.dll+0x37b0]
C  [KERNEL32.DLL+0x2e8d7]
C  [ntdll.dll+0xb14fc]


---------------  P R O C E S S  ---------------

Threads class SMR info:
_java_thread_list=0x00000196ebd32350, length=37, elements={
0x00000196b3200150, 0x00000196cfa7fd90, 0x00000196cfa80860, 0x00000196cfa9c760,
0x00000196cfaa1450, 0x00000196cfaa1d20, 0x00000196cfaa25f0, 0x00000196cfaa32a0,
0x00000196cfaa5eb0, 0x00000196cfbb0040, 0x00000196cfc4a8e0, 0x00000196cfd51450,
0x00000196e98d7890, 0x00000196e90e2020, 0x00000196e9998340, 0x00000196e993f8c0,
0x00000196cfef7bc0, 0x00000196e987a910, 0x00000196e98785a0, 0x00000196e9878090,
0x00000196e987ae20, 0x00000196e987b330, 0x00000196e987b840, 0x00000196e9878ab0,
0x00000196e9878fc0, 0x00000196e98794d0, 0x00000196e987a400, 0x00000196e9879ef0,
0x00000196cfcc24a0, 0x00000196cfcc4300, 0x00000196cfcc29b0, 0x00000196cfcc38e0,
0x00000196cfcc1a80, 0x00000196cfcc1570, 0x00000196cfcc2ec0, 0x00000196cfcc3df0,
0x00000196cfcc33d0
}

Java Threads: ( => current thread )
  0x00000196b3200150 JavaThread "main" [_thread_blocked, id=5828, stack(0x0000009315200000,0x0000009315300000)]
  0x00000196cfa7fd90 JavaThread "Reference Handler" daemon [_thread_blocked, id=3656, stack(0x0000009315900000,0x0000009315a00000)]
  0x00000196cfa80860 JavaThread "Finalizer" daemon [_thread_blocked, id=25200, stack(0x0000009315a00000,0x0000009315b00000)]
  0x00000196cfa9c760 JavaThread "Signal Dispatcher" daemon [_thread_blocked, id=20328, stack(0x0000009315b00000,0x0000009315c00000)]
  0x00000196cfaa1450 JavaThread "Attach Listener" daemon [_thread_blocked, id=20756, stack(0x0000009315c00000,0x0000009315d00000)]
  0x00000196cfaa1d20 JavaThread "Service Thread" daemon [_thread_blocked, id=7636, stack(0x0000009315d00000,0x0000009315e00000)]
  0x00000196cfaa25f0 JavaThread "Monitor Deflation Thread" daemon [_thread_blocked, id=20264, stack(0x0000009315e00000,0x0000009315f00000)]
=>0x00000196cfaa32a0 JavaThread "C2 CompilerThread0" daemon [_thread_in_native, id=21032, stack(0x0000009315f00000,0x0000009316000000)]
  0x00000196cfaa5eb0 JavaThread "C1 CompilerThread0" daemon [_thread_blocked, id=25460, stack(0x0000009316000000,0x0000009316100000)]
  0x00000196cfbb0040 JavaThread "Sweeper thread" daemon [_thread_blocked, id=22864, stack(0x0000009316100000,0x0000009316200000)]
  0x00000196cfc4a8e0 JavaThread "Common-Cleaner" daemon [_thread_blocked, id=14548, stack(0x0000009316200000,0x0000009316300000)]
  0x00000196cfd51450 JavaThread "Notification Thread" daemon [_thread_blocked, id=4936, stack(0x0000009316300000,0x0000009316400000)]
  0x00000196e98d7890 JavaThread "Daemon health stats" [_thread_blocked, id=7692, stack(0x0000009316a00000,0x0000009316b00000)]
  0x00000196e90e2020 JavaThread "Incoming local TCP Connector on port 12871" [_thread_in_native, id=21424, stack(0x0000009316b00000,0x0000009316c00000)]
  0x00000196e9998340 JavaThread "Daemon periodic checks" [_thread_blocked, id=12296, stack(0x0000009316c00000,0x0000009316d00000)]
  0x00000196e993f8c0 JavaThread "Daemon" [_thread_blocked, id=6228, stack(0x0000009316d00000,0x0000009316e00000)]
  0x00000196cfef7bc0 JavaThread "Handler for socket connection from /127.0.0.1:12871 to /127.0.0.1:12872" [_thread_in_native, id=16544, stack(0x0000009316e00000,0x0000009316f00000)]
  0x00000196e987a910 JavaThread "Cancel handler" [_thread_blocked, id=4064, stack(0x0000009316f00000,0x0000009317000000)]
  0x00000196e98785a0 JavaThread "Daemon worker" [_thread_in_vm, id=10684, stack(0x0000009317000000,0x0000009317100000)]
  0x00000196e9878090 JavaThread "Asynchronous log dispatcher for DefaultDaemonConnection: socket connection from /127.0.0.1:12871 to /127.0.0.1:12872" [_thread_blocked, id=17976, stack(0x0000009317100000,0x0000009317200000)]
  0x00000196e987ae20 JavaThread "Stdin handler" [_thread_blocked, id=21848, stack(0x0000009317200000,0x0000009317300000)]
  0x00000196e987b330 JavaThread "Daemon client event forwarder" [_thread_blocked, id=22344, stack(0x0000009317300000,0x0000009317400000)]
  0x00000196e987b840 JavaThread "Cache worker for journal cache (C:\Users\vnme1\.gradle\caches\journal-1)" [_thread_blocked, id=16476, stack(0x0000009317400000,0x0000009317500000)]
  0x00000196e9878ab0 JavaThread "File lock request listener" [_thread_in_native, id=18200, stack(0x0000009317500000,0x0000009317600000)]
  0x00000196e9878fc0 JavaThread "Daemon Thread 2" [_thread_blocked, id=23772, stack(0x0000009317600000,0x0000009317700000)]
  0x00000196e98794d0 JavaThread "File lock release action executor" [_thread_blocked, id=16116, stack(0x0000009317800000,0x0000009317900000)]
  0x00000196e987a400 JavaThread "Cache worker for file hash cache (C:\Users\vnme1\.gradle\caches\8.8\fileHashes)" [_thread_blocked, id=8996, stack(0x0000009317900000,0x0000009317a00000)]
  0x00000196e9879ef0 JavaThread "Cache worker for file hash cache (C:\react_2025\rooty\.gradle\8.8\fileHashes)" [_thread_blocked, id=18324, stack(0x0000009317c00000,0x0000009317d00000)]
  0x00000196cfcc24a0 JavaThread "File watcher server" daemon [_thread_in_native, id=23700, stack(0x0000009317b00000,0x0000009317c00000)]
  0x00000196cfcc4300 JavaThread "File watcher consumer" daemon [_thread_blocked, id=2884, stack(0x0000009317e00000,0x0000009317f00000)]
  0x00000196cfcc29b0 JavaThread "Cache worker for checksums cache (C:\react_2025\rooty\.gradle\8.8\checksums)" [_thread_blocked, id=3108, stack(0x0000009317f00000,0x0000009318000000)]
  0x00000196cfcc38e0 JavaThread "Cache worker for file content cache (C:\Users\vnme1\.gradle\caches\8.8\fileContent)" [_thread_blocked, id=3668, stack(0x0000009318000000,0x0000009318100000)]
  0x00000196cfcc1a80 JavaThread "Cache worker for cache directory md-rule (C:\Users\vnme1\.gradle\caches\8.8\md-rule)" [_thread_blocked, id=4996, stack(0x0000009318100000,0x0000009318200000)]
  0x00000196cfcc1570 JavaThread "Cache worker for cache directory md-supplier (C:\Users\vnme1\.gradle\caches\8.8\md-supplier)" [_thread_blocked, id=1316, stack(0x0000009318200000,0x0000009318300000)]
  0x00000196cfcc2ec0 JavaThread "jar transforms" [_thread_blocked, id=16104, stack(0x0000009318400000,0x0000009318500000)]
  0x00000196cfcc3df0 JavaThread "jar transforms Thread 2" [_thread_blocked, id=18264, stack(0x0000009318300000,0x0000009318400000)]
  0x00000196cfcc33d0 JavaThread "jar transforms Thread 3" [_thread_blocked, id=20928, stack(0x0000009318700000,0x0000009318800000)]

Other Threads:
  0x00000196cfa78410 VMThread "VM Thread" [stack: 0x0000009315800000,0x0000009315900000] [id=2308]
  0x00000196b323d830 WatcherThread [stack: 0x0000009316400000,0x0000009316500000] [id=2948]
  0x00000196b322fca0 GCTaskThread "GC Thread#0" [stack: 0x0000009315300000,0x0000009315400000] [id=4764]
  0x00000196e963b2e0 GCTaskThread "GC Thread#1" [stack: 0x0000009316500000,0x0000009316600000] [id=25432]
  0x00000196e963b5a0 GCTaskThread "GC Thread#2" [stack: 0x0000009316600000,0x0000009316700000] [id=25840]
  0x00000196e963b860 GCTaskThread "GC Thread#3" [stack: 0x0000009316700000,0x0000009316800000] [id=21876]
  0x00000196e907f250 GCTaskThread "GC Thread#4" [stack: 0x0000009316800000,0x0000009316900000] [id=6340]
  0x00000196e907f510 GCTaskThread "GC Thread#5" [stack: 0x0000009316900000,0x0000009316a00000] [id=7952]
  0x00000196eb3d5f60 GCTaskThread "GC Thread#6" [stack: 0x0000009317700000,0x0000009317800000] [id=20340]
  0x00000196eb38a420 GCTaskThread "GC Thread#7" [stack: 0x0000009317a00000,0x0000009317b00000] [id=18368]
  0x00000196b3235b10 ConcurrentGCThread "G1 Main Marker" [stack: 0x0000009315400000,0x0000009315500000] [id=24696]
  0x00000196b3236430 ConcurrentGCThread "G1 Conc#0" [stack: 0x0000009315500000,0x0000009315600000] [id=17956]
  0x00000196eaf71030 ConcurrentGCThread "G1 Conc#1" [stack: 0x0000009317d00000,0x0000009317e00000] [id=15480]
  0x00000196b32ce290 ConcurrentGCThread "G1 Refine#0" [stack: 0x0000009315600000,0x0000009315700000] [id=17352]
  0x00000196b32cebd0 ConcurrentGCThread "G1 Service" [stack: 0x0000009315700000,0x0000009315800000] [id=15884]

Threads with active compile tasks:
C2 CompilerThread0    71382 4056       4       org.codehaus.groovy.runtime.metaclass.MetaMethodIndex::addMethodToList (128 bytes)

VM state: not at safepoint (normal execution)

VM Mutex/Monitor currently owned by a thread: None

Heap address: 0x00000000e0000000, size: 512 MB, Compressed Oops mode: 32-bit

CDS archive(s) mapped at: [0x00000196d0000000-0x00000196d0bd0000-0x00000196d0bd0000), size 12386304, SharedBaseAddress: 0x00000196d0000000, ArchiveRelocationMode: 1.
Compressed class space mapped at: 0x00000196d1000000-0x00000196e5000000, reserved size: 335544320
Narrow klass base: 0x00000196d0000000, Narrow klass shift: 0, Narrow klass range: 0x100000000

GC Precious Log:
 CPUs: 8 total, 8 available
 Memory: 8001M
 Large Page Support: Disabled
 NUMA Support: Disabled
 Compressed Oops: Enabled (32-bit)
 Heap Region Size: 1M
 Heap Min Capacity: 256M
 Heap Initial Capacity: 256M
 Heap Max Capacity: 512M
 Pre-touch: Disabled
 Parallel Workers: 8
 Concurrent Workers: 2
 Concurrent Refinement Workers: 8
 Periodic GC: Disabled

Heap:
 garbage-first heap   total 262144K, used 138856K [0x00000000e0000000, 0x0000000100000000)
  region size 1024K, 120 young (122880K), 11 survivors (11264K)
 Metaspace       used 35129K, committed 35520K, reserved 393216K
  class space    used 4864K, committed 5056K, reserved 327680K

Heap Regions: E=young(eden), S=young(survivor), O=old, HS=humongous(starts), HC=humongous(continues), CS=collection set, F=free, OA=open archive, CA=closed archive, TAMS=top-at-mark-start (previous, next)
|   0|0x00000000e0000000, 0x00000000e0100000, 0x00000000e0100000|100%|HS|  |TAMS 0x00000000e0100000, 0x00000000e0000000| Complete 
|   1|0x00000000e0100000, 0x00000000e0200000, 0x00000000e0200000|100%|HC|  |TAMS 0x00000000e0200000, 0x00000000e0100000| Complete 
|   2|0x00000000e0200000, 0x00000000e0300000, 0x00000000e0300000|100%|HC|  |TAMS 0x00000000e0300000, 0x00000000e0200000| Complete 
|   3|0x00000000e0300000, 0x00000000e0400000, 0x00000000e0400000|100%|HC|  |TAMS 0x00000000e0400000, 0x00000000e0300000| Complete 
|   4|0x00000000e0400000, 0x00000000e0500000, 0x00000000e0500000|100%| O|  |TAMS 0x00000000e0500000, 0x00000000e0400000| Complete 
|   5|0x00000000e0500000, 0x00000000e0600000, 0x00000000e0600000|100%| O|  |TAMS 0x00000000e0600000, 0x00000000e0500000| Untracked 
|   6|0x00000000e0600000, 0x00000000e0700000, 0x00000000e0700000|100%| O|  |TAMS 0x00000000e0700000, 0x00000000e0600000| Untracked 
|   7|0x00000000e0700000, 0x00000000e0800000, 0x00000000e0800000|100%| O|  |TAMS 0x00000000e0800000, 0x00000000e0700000| Untracked 
|   8|0x00000000e0800000, 0x00000000e0900000, 0x00000000e0900000|100%| O|  |TAMS 0x00000000e0900000, 0x00000000e0800000| Untracked 
|   9|0x00000000e0900000, 0x00000000e0a00000, 0x00000000e0a00000|100%| O|  |TAMS 0x00000000e0a00000, 0x00000000e0900000| Untracked 
|  10|0x00000000e0a00000, 0x00000000e0b00000, 0x00000000e0b00000|100%| O|  |TAMS 0x00000000e0aa2c00, 0x00000000e0a00000| Untracked 
|  11|0x00000000e0b00000, 0x00000000e0c00000, 0x00000000e0c00000|100%|HS|  |TAMS 0x00000000e0c00000, 0x00000000e0b00000| Complete 
|  12|0x00000000e0c00000, 0x00000000e0ca9e00, 0x00000000e0d00000| 66%| O|  |TAMS 0x00000000e0c00000, 0x00000000e0c00000| Untracked 
|  13|0x00000000e0d00000, 0x00000000e0e00000, 0x00000000e0e00000|100%|HS|  |TAMS 0x00000000e0d00000, 0x00000000e0d00000| Complete 
|  14|0x00000000e0e00000, 0x00000000e0f00000, 0x00000000e0f00000|100%|HS|  |TAMS 0x00000000e0e00000, 0x00000000e0e00000| Complete 
|  15|0x00000000e0f00000, 0x00000000e1000000, 0x00000000e1000000|100%|HC|  |TAMS 0x00000000e0f00000, 0x00000000e0f00000| Complete 
|  16|0x00000000e1000000, 0x00000000e1100000, 0x00000000e1100000|100%|HS|  |TAMS 0x00000000e1000000, 0x00000000e1000000| Complete 
|  17|0x00000000e1100000, 0x00000000e1200000, 0x00000000e1200000|100%|HC|  |TAMS 0x00000000e1100000, 0x00000000e1100000| Complete 
|  18|0x00000000e1200000, 0x00000000e1200000, 0x00000000e1300000|  0%| F|  |TAMS 0x00000000e1200000, 0x00000000e1200000| Untracked 
|  19|0x00000000e1300000, 0x00000000e1300000, 0x00000000e1400000|  0%| F|  |TAMS 0x00000000e1300000, 0x00000000e1300000| Untracked 
|  20|0x00000000e1400000, 0x00000000e1400000, 0x00000000e1500000|  0%| F|  |TAMS 0x00000000e1400000, 0x00000000e1400000| Untracked 
|  21|0x00000000e1500000, 0x00000000e1500000, 0x00000000e1600000|  0%| F|  |TAMS 0x00000000e1500000, 0x00000000e1500000| Untracked 
|  22|0x00000000e1600000, 0x00000000e1600000, 0x00000000e1700000|  0%| F|  |TAMS 0x00000000e1600000, 0x00000000e1600000| Untracked 
|  23|0x00000000e1700000, 0x00000000e1700000, 0x00000000e1800000|  0%| F|  |TAMS 0x00000000e1700000, 0x00000000e1700000| Untracked 
|  24|0x00000000e1800000, 0x00000000e1800000, 0x00000000e1900000|  0%| F|  |TAMS 0x00000000e1800000, 0x00000000e1800000| Untracked 
|  25|0x00000000e1900000, 0x00000000e1900000, 0x00000000e1a00000|  0%| F|  |TAMS 0x00000000e1900000, 0x00000000e1900000| Untracked 
|  26|0x00000000e1a00000, 0x00000000e1a00000, 0x00000000e1b00000|  0%| F|  |TAMS 0x00000000e1a00000, 0x00000000e1a00000| Untracked 
|  27|0x00000000e1b00000, 0x00000000e1b00000, 0x00000000e1c00000|  0%| F|  |TAMS 0x00000000e1b00000, 0x00000000e1b00000| Untracked 
|  28|0x00000000e1c00000, 0x00000000e1c00000, 0x00000000e1d00000|  0%| F|  |TAMS 0x00000000e1c00000, 0x00000000e1c00000| Untracked 
|  29|0x00000000e1d00000, 0x00000000e1d00000, 0x00000000e1e00000|  0%| F|  |TAMS 0x00000000e1d00000, 0x00000000e1d00000| Untracked 
|  30|0x00000000e1e00000, 0x00000000e1e00000, 0x00000000e1f00000|  0%| F|  |TAMS 0x00000000e1e00000, 0x00000000e1e00000| Untracked 
|  31|0x00000000e1f00000, 0x00000000e1f00000, 0x00000000e2000000|  0%| F|  |TAMS 0x00000000e1f00000, 0x00000000e1f00000| Untracked 
|  32|0x00000000e2000000, 0x00000000e2000000, 0x00000000e2100000|  0%| F|  |TAMS 0x00000000e2000000, 0x00000000e2000000| Untracked 
|  33|0x00000000e2100000, 0x00000000e2100000, 0x00000000e2200000|  0%| F|  |TAMS 0x00000000e2100000, 0x00000000e2100000| Untracked 
|  34|0x00000000e2200000, 0x00000000e2200000, 0x00000000e2300000|  0%| F|  |TAMS 0x00000000e2200000, 0x00000000e2200000| Untracked 
|  35|0x00000000e2300000, 0x00000000e2300000, 0x00000000e2400000|  0%| F|  |TAMS 0x00000000e2300000, 0x00000000e2300000| Untracked 
|  36|0x00000000e2400000, 0x00000000e2400000, 0x00000000e2500000|  0%| F|  |TAMS 0x00000000e2400000, 0x00000000e2400000| Untracked 
|  37|0x00000000e2500000, 0x00000000e2500000, 0x00000000e2600000|  0%| F|  |TAMS 0x00000000e2500000, 0x00000000e2500000| Untracked 
|  38|0x00000000e2600000, 0x00000000e2600000, 0x00000000e2700000|  0%| F|  |TAMS 0x00000000e2600000, 0x00000000e2600000| Untracked 
|  39|0x00000000e2700000, 0x00000000e2700000, 0x00000000e2800000|  0%| F|  |TAMS 0x00000000e2700000, 0x00000000e2700000| Untracked 
|  40|0x00000000e2800000, 0x00000000e2800000, 0x00000000e2900000|  0%| F|  |TAMS 0x00000000e2800000, 0x00000000e2800000| Untracked 
|  41|0x00000000e2900000, 0x00000000e2900000, 0x00000000e2a00000|  0%| F|  |TAMS 0x00000000e2900000, 0x00000000e2900000| Untracked 
|  42|0x00000000e2a00000, 0x00000000e2a00000, 0x00000000e2b00000|  0%| F|  |TAMS 0x00000000e2a00000, 0x00000000e2a00000| Untracked 
|  43|0x00000000e2b00000, 0x00000000e2b00000, 0x00000000e2c00000|  0%| F|  |TAMS 0x00000000e2b00000, 0x00000000e2b00000| Untracked 
|  44|0x00000000e2c00000, 0x00000000e2c00000, 0x00000000e2d00000|  0%| F|  |TAMS 0x00000000e2c00000, 0x00000000e2c00000| Untracked 
|  45|0x00000000e2d00000, 0x00000000e2d00000, 0x00000000e2e00000|  0%| F|  |TAMS 0x00000000e2d00000, 0x00000000e2d00000| Untracked 
|  46|0x00000000e2e00000, 0x00000000e2e00000, 0x00000000e2f00000|  0%| F|  |TAMS 0x00000000e2e00000, 0x00000000e2e00000| Untracked 
|  47|0x00000000e2f00000, 0x00000000e2f00000, 0x00000000e3000000|  0%| F|  |TAMS 0x00000000e2f00000, 0x00000000e2f00000| Untracked 
|  48|0x00000000e3000000, 0x00000000e3000000, 0x00000000e3100000|  0%| F|  |TAMS 0x00000000e3000000, 0x00000000e3000000| Untracked 
|  49|0x00000000e3100000, 0x00000000e3100000, 0x00000000e3200000|  0%| F|  |TAMS 0x00000000e3100000, 0x00000000e3100000| Untracked 
|  50|0x00000000e3200000, 0x00000000e3200000, 0x00000000e3300000|  0%| F|  |TAMS 0x00000000e3200000, 0x00000000e3200000| Untracked 
|  51|0x00000000e3300000, 0x00000000e3300000, 0x00000000e3400000|  0%| F|  |TAMS 0x00000000e3300000, 0x00000000e3300000| Untracked 
|  52|0x00000000e3400000, 0x00000000e3400000, 0x00000000e3500000|  0%| F|  |TAMS 0x00000000e3400000, 0x00000000e3400000| Untracked 
|  53|0x00000000e3500000, 0x00000000e3500000, 0x00000000e3600000|  0%| F|  |TAMS 0x00000000e3500000, 0x00000000e3500000| Untracked 
|  54|0x00000000e3600000, 0x00000000e3600000, 0x00000000e3700000|  0%| F|  |TAMS 0x00000000e3600000, 0x00000000e3600000| Untracked 
|  55|0x00000000e3700000, 0x00000000e3700000, 0x00000000e3800000|  0%| F|  |TAMS 0x00000000e3700000, 0x00000000e3700000| Untracked 
|  56|0x00000000e3800000, 0x00000000e3800000, 0x00000000e3900000|  0%| F|  |TAMS 0x00000000e3800000, 0x00000000e3800000| Untracked 
|  57|0x00000000e3900000, 0x00000000e3900000, 0x00000000e3a00000|  0%| F|  |TAMS 0x00000000e3900000, 0x00000000e3900000| Untracked 
|  58|0x00000000e3a00000, 0x00000000e3a00000, 0x00000000e3b00000|  0%| F|  |TAMS 0x00000000e3a00000, 0x00000000e3a00000| Untracked 
|  59|0x00000000e3b00000, 0x00000000e3b00000, 0x00000000e3c00000|  0%| F|  |TAMS 0x00000000e3b00000, 0x00000000e3b00000| Untracked 
|  60|0x00000000e3c00000, 0x00000000e3c00000, 0x00000000e3d00000|  0%| F|  |TAMS 0x00000000e3c00000, 0x00000000e3c00000| Untracked 
|  61|0x00000000e3d00000, 0x00000000e3d00000, 0x00000000e3e00000|  0%| F|  |TAMS 0x00000000e3d00000, 0x00000000e3d00000| Untracked 
|  62|0x00000000e3e00000, 0x00000000e3e00000, 0x00000000e3f00000|  0%| F|  |TAMS 0x00000000e3e00000, 0x00000000e3e00000| Untracked 
|  63|0x00000000e3f00000, 0x00000000e3f00000, 0x00000000e4000000|  0%| F|  |TAMS 0x00000000e3f00000, 0x00000000e3f00000| Untracked 
|  64|0x00000000e4000000, 0x00000000e4000000, 0x00000000e4100000|  0%| F|  |TAMS 0x00000000e4000000, 0x00000000e4000000| Untracked 
|  65|0x00000000e4100000, 0x00000000e4100000, 0x00000000e4200000|  0%| F|  |TAMS 0x00000000e4100000, 0x00000000e4100000| Untracked 
|  66|0x00000000e4200000, 0x00000000e4200000, 0x00000000e4300000|  0%| F|  |TAMS 0x00000000e4200000, 0x00000000e4200000| Untracked 
|  67|0x00000000e4300000, 0x00000000e4300000, 0x00000000e4400000|  0%| F|  |TAMS 0x00000000e4300000, 0x00000000e4300000| Untracked 
|  68|0x00000000e4400000, 0x00000000e4400000, 0x00000000e4500000|  0%| F|  |TAMS 0x00000000e4400000, 0x00000000e4400000| Untracked 
|  69|0x00000000e4500000, 0x00000000e4500000, 0x00000000e4600000|  0%| F|  |TAMS 0x00000000e4500000, 0x00000000e4500000| Untracked 
|  70|0x00000000e4600000, 0x00000000e4600000, 0x00000000e4700000|  0%| F|  |TAMS 0x00000000e4600000, 0x00000000e4600000| Untracked 
|  71|0x00000000e4700000, 0x00000000e4700000, 0x00000000e4800000|  0%| F|  |TAMS 0x00000000e4700000, 0x00000000e4700000| Untracked 
|  72|0x00000000e4800000, 0x00000000e4800000, 0x00000000e4900000|  0%| F|  |TAMS 0x00000000e4800000, 0x00000000e4800000| Untracked 
|  73|0x00000000e4900000, 0x00000000e4900000, 0x00000000e4a00000|  0%| F|  |TAMS 0x00000000e4900000, 0x00000000e4900000| Untracked 
|  74|0x00000000e4a00000, 0x00000000e4a00000, 0x00000000e4b00000|  0%| F|  |TAMS 0x00000000e4a00000, 0x00000000e4a00000| Untracked 
|  75|0x00000000e4b00000, 0x00000000e4b00000, 0x00000000e4c00000|  0%| F|  |TAMS 0x00000000e4b00000, 0x00000000e4b00000| Untracked 
|  76|0x00000000e4c00000, 0x00000000e4c00000, 0x00000000e4d00000|  0%| F|  |TAMS 0x00000000e4c00000, 0x00000000e4c00000| Untracked 
|  77|0x00000000e4d00000, 0x00000000e4d00000, 0x00000000e4e00000|  0%| F|  |TAMS 0x00000000e4d00000, 0x00000000e4d00000| Untracked 
|  78|0x00000000e4e00000, 0x00000000e4e00000, 0x00000000e4f00000|  0%| F|  |TAMS 0x00000000e4e00000, 0x00000000e4e00000| Untracked 
|  79|0x00000000e4f00000, 0x00000000e4f00000, 0x00000000e5000000|  0%| F|  |TAMS 0x00000000e4f00000, 0x00000000e4f00000| Untracked 
|  80|0x00000000e5000000, 0x00000000e5000000, 0x00000000e5100000|  0%| F|  |TAMS 0x00000000e5000000, 0x00000000e5000000| Untracked 
|  81|0x00000000e5100000, 0x00000000e5100000, 0x00000000e5200000|  0%| F|  |TAMS 0x00000000e5100000, 0x00000000e5100000| Untracked 
|  82|0x00000000e5200000, 0x00000000e5200000, 0x00000000e5300000|  0%| F|  |TAMS 0x00000000e5200000, 0x00000000e5200000| Untracked 
|  83|0x00000000e5300000, 0x00000000e5300000, 0x00000000e5400000|  0%| F|  |TAMS 0x00000000e5300000, 0x00000000e5300000| Untracked 
|  84|0x00000000e5400000, 0x00000000e5400000, 0x00000000e5500000|  0%| F|  |TAMS 0x00000000e5400000, 0x00000000e5400000| Untracked 
|  85|0x00000000e5500000, 0x00000000e5500000, 0x00000000e5600000|  0%| F|  |TAMS 0x00000000e5500000, 0x00000000e5500000| Untracked 
|  86|0x00000000e5600000, 0x00000000e5600000, 0x00000000e5700000|  0%| F|  |TAMS 0x00000000e5600000, 0x00000000e5600000| Untracked 
|  87|0x00000000e5700000, 0x00000000e5700000, 0x00000000e5800000|  0%| F|  |TAMS 0x00000000e5700000, 0x00000000e5700000| Untracked 
|  88|0x00000000e5800000, 0x00000000e5800000, 0x00000000e5900000|  0%| F|  |TAMS 0x00000000e5800000, 0x00000000e5800000| Untracked 
|  89|0x00000000e5900000, 0x00000000e5900000, 0x00000000e5a00000|  0%| F|  |TAMS 0x00000000e5900000, 0x00000000e5900000| Untracked 
|  90|0x00000000e5a00000, 0x00000000e5a00000, 0x00000000e5b00000|  0%| F|  |TAMS 0x00000000e5a00000, 0x00000000e5a00000| Untracked 
|  91|0x00000000e5b00000, 0x00000000e5b00000, 0x00000000e5c00000|  0%| F|  |TAMS 0x00000000e5b00000, 0x00000000e5b00000| Untracked 
|  92|0x00000000e5c00000, 0x00000000e5c00000, 0x00000000e5d00000|  0%| F|  |TAMS 0x00000000e5c00000, 0x00000000e5c00000| Untracked 
|  93|0x00000000e5d00000, 0x00000000e5d00000, 0x00000000e5e00000|  0%| F|  |TAMS 0x00000000e5d00000, 0x00000000e5d00000| Untracked 
|  94|0x00000000e5e00000, 0x00000000e5e00000, 0x00000000e5f00000|  0%| F|  |TAMS 0x00000000e5e00000, 0x00000000e5e00000| Untracked 
|  95|0x00000000e5f00000, 0x00000000e5f00000, 0x00000000e6000000|  0%| F|  |TAMS 0x00000000e5f00000, 0x00000000e5f00000| Untracked 
|  96|0x00000000e6000000, 0x00000000e6000000, 0x00000000e6100000|  0%| F|  |TAMS 0x00000000e6000000, 0x00000000e6000000| Untracked 
|  97|0x00000000e6100000, 0x00000000e6100000, 0x00000000e6200000|  0%| F|  |TAMS 0x00000000e6100000, 0x00000000e6100000| Untracked 
|  98|0x00000000e6200000, 0x00000000e6200000, 0x00000000e6300000|  0%| F|  |TAMS 0x00000000e6200000, 0x00000000e6200000| Untracked 
|  99|0x00000000e6300000, 0x00000000e6300000, 0x00000000e6400000|  0%| F|  |TAMS 0x00000000e6300000, 0x00000000e6300000| Untracked 
| 100|0x00000000e6400000, 0x00000000e6400000, 0x00000000e6500000|  0%| F|  |TAMS 0x00000000e6400000, 0x00000000e6400000| Untracked 
| 101|0x00000000e6500000, 0x00000000e6500000, 0x00000000e6600000|  0%| F|  |TAMS 0x00000000e6500000, 0x00000000e6500000| Untracked 
| 102|0x00000000e6600000, 0x00000000e6600000, 0x00000000e6700000|  0%| F|  |TAMS 0x00000000e6600000, 0x00000000e6600000| Untracked 
| 103|0x00000000e6700000, 0x00000000e6700000, 0x00000000e6800000|  0%| F|  |TAMS 0x00000000e6700000, 0x00000000e6700000| Untracked 
| 104|0x00000000e6800000, 0x00000000e6800000, 0x00000000e6900000|  0%| F|  |TAMS 0x00000000e6800000, 0x00000000e6800000| Untracked 
| 105|0x00000000e6900000, 0x00000000e6900000, 0x00000000e6a00000|  0%| F|  |TAMS 0x00000000e6900000, 0x00000000e6900000| Untracked 
| 106|0x00000000e6a00000, 0x00000000e6a00000, 0x00000000e6b00000|  0%| F|  |TAMS 0x00000000e6a00000, 0x00000000e6a00000| Untracked 
| 107|0x00000000e6b00000, 0x00000000e6b00000, 0x00000000e6c00000|  0%| F|  |TAMS 0x00000000e6b00000, 0x00000000e6b00000| Untracked 
| 108|0x00000000e6c00000, 0x00000000e6c00000, 0x00000000e6d00000|  0%| F|  |TAMS 0x00000000e6c00000, 0x00000000e6c00000| Untracked 
| 109|0x00000000e6d00000, 0x00000000e6d00000, 0x00000000e6e00000|  0%| F|  |TAMS 0x00000000e6d00000, 0x00000000e6d00000| Untracked 
| 110|0x00000000e6e00000, 0x00000000e6e00000, 0x00000000e6f00000|  0%| F|  |TAMS 0x00000000e6e00000, 0x00000000e6e00000| Untracked 
| 111|0x00000000e6f00000, 0x00000000e6f00000, 0x00000000e7000000|  0%| F|  |TAMS 0x00000000e6f00000, 0x00000000e6f00000| Untracked 
| 112|0x00000000e7000000, 0x00000000e7000000, 0x00000000e7100000|  0%| F|  |TAMS 0x00000000e7000000, 0x00000000e7000000| Untracked 
| 113|0x00000000e7100000, 0x00000000e7100000, 0x00000000e7200000|  0%| F|  |TAMS 0x00000000e7100000, 0x00000000e7100000| Untracked 
| 114|0x00000000e7200000, 0x00000000e7200000, 0x00000000e7300000|  0%| F|  |TAMS 0x00000000e7200000, 0x00000000e7200000| Untracked 
| 115|0x00000000e7300000, 0x00000000e7300000, 0x00000000e7400000|  0%| F|  |TAMS 0x00000000e7300000, 0x00000000e7300000| Untracked 
| 116|0x00000000e7400000, 0x00000000e7400000, 0x00000000e7500000|  0%| F|  |TAMS 0x00000000e7400000, 0x00000000e7400000| Untracked 
| 117|0x00000000e7500000, 0x00000000e7500000, 0x00000000e7600000|  0%| F|  |TAMS 0x00000000e7500000, 0x00000000e7500000| Untracked 
| 118|0x00000000e7600000, 0x00000000e7600000, 0x00000000e7700000|  0%| F|  |TAMS 0x00000000e7600000, 0x00000000e7600000| Untracked 
| 119|0x00000000e7700000, 0x00000000e7700000, 0x00000000e7800000|  0%| F|  |TAMS 0x00000000e7700000, 0x00000000e7700000| Untracked 
| 120|0x00000000e7800000, 0x00000000e7800000, 0x00000000e7900000|  0%| F|  |TAMS 0x00000000e7800000, 0x00000000e7800000| Untracked 
| 121|0x00000000e7900000, 0x00000000e7900000, 0x00000000e7a00000|  0%| F|  |TAMS 0x00000000e7900000, 0x00000000e7900000| Untracked 
| 122|0x00000000e7a00000, 0x00000000e7a00000, 0x00000000e7b00000|  0%| F|  |TAMS 0x00000000e7a00000, 0x00000000e7a00000| Untracked 
| 123|0x00000000e7b00000, 0x00000000e7b00000, 0x00000000e7c00000|  0%| F|  |TAMS 0x00000000e7b00000, 0x00000000e7b00000| Untracked 
| 124|0x00000000e7c00000, 0x00000000e7c00000, 0x00000000e7d00000|  0%| F|  |TAMS 0x00000000e7c00000, 0x00000000e7c00000| Untracked 
| 125|0x00000000e7d00000, 0x00000000e7d00000, 0x00000000e7e00000|  0%| F|  |TAMS 0x00000000e7d00000, 0x00000000e7d00000| Untracked 
| 126|0x00000000e7e00000, 0x00000000e7e00000, 0x00000000e7f00000|  0%| F|  |TAMS 0x00000000e7e00000, 0x00000000e7e00000| Untracked 
| 127|0x00000000e7f00000, 0x00000000e7f00000, 0x00000000e8000000|  0%| F|  |TAMS 0x00000000e7f00000, 0x00000000e7f00000| Untracked 
| 128|0x00000000e8000000, 0x00000000e8000000, 0x00000000e8100000|  0%| F|  |TAMS 0x00000000e8000000, 0x00000000e8000000| Untracked 
| 129|0x00000000e8100000, 0x00000000e8100000, 0x00000000e8200000|  0%| F|  |TAMS 0x00000000e8100000, 0x00000000e8100000| Untracked 
| 130|0x00000000e8200000, 0x00000000e8200000, 0x00000000e8300000|  0%| F|  |TAMS 0x00000000e8200000, 0x00000000e8200000| Untracked 
| 131|0x00000000e8300000, 0x00000000e8300000, 0x00000000e8400000|  0%| F|  |TAMS 0x00000000e8300000, 0x00000000e8300000| Untracked 
| 132|0x00000000e8400000, 0x00000000e8400000, 0x00000000e8500000|  0%| F|  |TAMS 0x00000000e8400000, 0x00000000e8400000| Untracked 
| 133|0x00000000e8500000, 0x00000000e8500000, 0x00000000e8600000|  0%| F|  |TAMS 0x00000000e8500000, 0x00000000e8500000| Untracked 
| 134|0x00000000e8600000, 0x00000000e8600000, 0x00000000e8700000|  0%| F|  |TAMS 0x00000000e8600000, 0x00000000e8600000| Untracked 
| 135|0x00000000e8700000, 0x00000000e8700000, 0x00000000e8800000|  0%| F|  |TAMS 0x00000000e8700000, 0x00000000e8700000| Untracked 
| 136|0x00000000e8800000, 0x00000000e8900000, 0x00000000e8900000|100%| E|  |TAMS 0x00000000e8800000, 0x00000000e8800000| Complete 
| 137|0x00000000e8900000, 0x00000000e8a00000, 0x00000000e8a00000|100%| E|CS|TAMS 0x00000000e8900000, 0x00000000e8900000| Complete 
| 138|0x00000000e8a00000, 0x00000000e8b00000, 0x00000000e8b00000|100%| E|CS|TAMS 0x00000000e8a00000, 0x00000000e8a00000| Complete 
| 139|0x00000000e8b00000, 0x00000000e8c00000, 0x00000000e8c00000|100%| E|CS|TAMS 0x00000000e8b00000, 0x00000000e8b00000| Complete 
| 140|0x00000000e8c00000, 0x00000000e8d00000, 0x00000000e8d00000|100%| E|CS|TAMS 0x00000000e8c00000, 0x00000000e8c00000| Complete 
| 141|0x00000000e8d00000, 0x00000000e8e00000, 0x00000000e8e00000|100%| E|CS|TAMS 0x00000000e8d00000, 0x00000000e8d00000| Complete 
| 142|0x00000000e8e00000, 0x00000000e8f00000, 0x00000000e8f00000|100%| E|CS|TAMS 0x00000000e8e00000, 0x00000000e8e00000| Complete 
| 143|0x00000000e8f00000, 0x00000000e9000000, 0x00000000e9000000|100%| E|CS|TAMS 0x00000000e8f00000, 0x00000000e8f00000| Complete 
| 144|0x00000000e9000000, 0x00000000e9100000, 0x00000000e9100000|100%| E|CS|TAMS 0x00000000e9000000, 0x00000000e9000000| Complete 
| 145|0x00000000e9100000, 0x00000000e9200000, 0x00000000e9200000|100%| E|  |TAMS 0x00000000e9100000, 0x00000000e9100000| Complete 
| 146|0x00000000e9200000, 0x00000000e9300000, 0x00000000e9300000|100%| E|CS|TAMS 0x00000000e9200000, 0x00000000e9200000| Complete 
| 147|0x00000000e9300000, 0x00000000e9400000, 0x00000000e9400000|100%| E|CS|TAMS 0x00000000e9300000, 0x00000000e9300000| Complete 
| 148|0x00000000e9400000, 0x00000000e9500000, 0x00000000e9500000|100%| E|CS|TAMS 0x00000000e9400000, 0x00000000e9400000| Complete 
| 149|0x00000000e9500000, 0x00000000e9600000, 0x00000000e9600000|100%| E|CS|TAMS 0x00000000e9500000, 0x00000000e9500000| Complete 
| 150|0x00000000e9600000, 0x00000000e9700000, 0x00000000e9700000|100%| E|CS|TAMS 0x00000000e9600000, 0x00000000e9600000| Complete 
| 151|0x00000000e9700000, 0x00000000e9800000, 0x00000000e9800000|100%| E|CS|TAMS 0x00000000e9700000, 0x00000000e9700000| Complete 
| 152|0x00000000e9800000, 0x00000000e9900000, 0x00000000e9900000|100%| E|CS|TAMS 0x00000000e9800000, 0x00000000e9800000| Complete 
| 153|0x00000000e9900000, 0x00000000e9a00000, 0x00000000e9a00000|100%| E|CS|TAMS 0x00000000e9900000, 0x00000000e9900000| Complete 
| 154|0x00000000e9a00000, 0x00000000e9b00000, 0x00000000e9b00000|100%| E|CS|TAMS 0x00000000e9a00000, 0x00000000e9a00000| Complete 
| 155|0x00000000e9b00000, 0x00000000e9c00000, 0x00000000e9c00000|100%| E|CS|TAMS 0x00000000e9b00000, 0x00000000e9b00000| Complete 
| 156|0x00000000e9c00000, 0x00000000e9d00000, 0x00000000e9d00000|100%| E|CS|TAMS 0x00000000e9c00000, 0x00000000e9c00000| Complete 
| 157|0x00000000e9d00000, 0x00000000e9e00000, 0x00000000e9e00000|100%| E|CS|TAMS 0x00000000e9d00000, 0x00000000e9d00000| Complete 
| 158|0x00000000e9e00000, 0x00000000e9f00000, 0x00000000e9f00000|100%| E|CS|TAMS 0x00000000e9e00000, 0x00000000e9e00000| Complete 
| 159|0x00000000e9f00000, 0x00000000ea000000, 0x00000000ea000000|100%| E|CS|TAMS 0x00000000e9f00000, 0x00000000e9f00000| Complete 
| 160|0x00000000ea000000, 0x00000000ea100000, 0x00000000ea100000|100%| E|CS|TAMS 0x00000000ea000000, 0x00000000ea000000| Complete 
| 161|0x00000000ea100000, 0x00000000ea200000, 0x00000000ea200000|100%| E|CS|TAMS 0x00000000ea100000, 0x00000000ea100000| Complete 
| 162|0x00000000ea200000, 0x00000000ea300000, 0x00000000ea300000|100%| E|CS|TAMS 0x00000000ea200000, 0x00000000ea200000| Complete 
| 163|0x00000000ea300000, 0x00000000ea400000, 0x00000000ea400000|100%| E|CS|TAMS 0x00000000ea300000, 0x00000000ea300000| Complete 
| 164|0x00000000ea400000, 0x00000000ea500000, 0x00000000ea500000|100%| E|CS|TAMS 0x00000000ea400000, 0x00000000ea400000| Complete 
| 165|0x00000000ea500000, 0x00000000ea600000, 0x00000000ea600000|100%| E|CS|TAMS 0x00000000ea500000, 0x00000000ea500000| Complete 
| 166|0x00000000ea600000, 0x00000000ea700000, 0x00000000ea700000|100%| E|CS|TAMS 0x00000000ea600000, 0x00000000ea600000| Complete 
| 167|0x00000000ea700000, 0x00000000ea800000, 0x00000000ea800000|100%| E|CS|TAMS 0x00000000ea700000, 0x00000000ea700000| Complete 
| 168|0x00000000ea800000, 0x00000000ea900000, 0x00000000ea900000|100%| E|CS|TAMS 0x00000000ea800000, 0x00000000ea800000| Complete 
| 169|0x00000000ea900000, 0x00000000eaa00000, 0x00000000eaa00000|100%| E|CS|TAMS 0x00000000ea900000, 0x00000000ea900000| Complete 
| 170|0x00000000eaa00000, 0x00000000eab00000, 0x00000000eab00000|100%| E|CS|TAMS 0x00000000eaa00000, 0x00000000eaa00000| Complete 
| 171|0x00000000eab00000, 0x00000000eac00000, 0x00000000eac00000|100%| E|CS|TAMS 0x00000000eab00000, 0x00000000eab00000| Complete 
| 172|0x00000000eac00000, 0x00000000ead00000, 0x00000000ead00000|100%| E|CS|TAMS 0x00000000eac00000, 0x00000000eac00000| Complete 
| 173|0x00000000ead00000, 0x00000000eae00000, 0x00000000eae00000|100%| E|CS|TAMS 0x00000000ead00000, 0x00000000ead00000| Complete 
| 174|0x00000000eae00000, 0x00000000eaf00000, 0x00000000eaf00000|100%| E|CS|TAMS 0x00000000eae00000, 0x00000000eae00000| Complete 
| 175|0x00000000eaf00000, 0x00000000eb000000, 0x00000000eb000000|100%| E|CS|TAMS 0x00000000eaf00000, 0x00000000eaf00000| Complete 
| 176|0x00000000eb000000, 0x00000000eb100000, 0x00000000eb100000|100%| E|CS|TAMS 0x00000000eb000000, 0x00000000eb000000| Complete 
| 177|0x00000000eb100000, 0x00000000eb200000, 0x00000000eb200000|100%| E|CS|TAMS 0x00000000eb100000, 0x00000000eb100000| Complete 
| 178|0x00000000eb200000, 0x00000000eb300000, 0x00000000eb300000|100%| E|CS|TAMS 0x00000000eb200000, 0x00000000eb200000| Complete 
| 179|0x00000000eb300000, 0x00000000eb400000, 0x00000000eb400000|100%| E|CS|TAMS 0x00000000eb300000, 0x00000000eb300000| Complete 
| 180|0x00000000eb400000, 0x00000000eb500000, 0x00000000eb500000|100%| E|CS|TAMS 0x00000000eb400000, 0x00000000eb400000| Complete 
| 181|0x00000000eb500000, 0x00000000eb600000, 0x00000000eb600000|100%| E|CS|TAMS 0x00000000eb500000, 0x00000000eb500000| Complete 
| 182|0x00000000eb600000, 0x00000000eb700000, 0x00000000eb700000|100%| E|CS|TAMS 0x00000000eb600000, 0x00000000eb600000| Complete 
| 183|0x00000000eb700000, 0x00000000eb800000, 0x00000000eb800000|100%| E|CS|TAMS 0x00000000eb700000, 0x00000000eb700000| Complete 
| 184|0x00000000eb800000, 0x00000000eb900000, 0x00000000eb900000|100%| E|CS|TAMS 0x00000000eb800000, 0x00000000eb800000| Complete 
| 185|0x00000000eb900000, 0x00000000eba00000, 0x00000000eba00000|100%| E|CS|TAMS 0x00000000eb900000, 0x00000000eb900000| Complete 
| 186|0x00000000eba00000, 0x00000000ebb00000, 0x00000000ebb00000|100%| E|CS|TAMS 0x00000000eba00000, 0x00000000eba00000| Complete 
| 187|0x00000000ebb00000, 0x00000000ebc00000, 0x00000000ebc00000|100%| E|CS|TAMS 0x00000000ebb00000, 0x00000000ebb00000| Complete 
| 188|0x00000000ebc00000, 0x00000000ebd00000, 0x00000000ebd00000|100%| E|CS|TAMS 0x00000000ebc00000, 0x00000000ebc00000| Complete 
| 189|0x00000000ebd00000, 0x00000000ebe00000, 0x00000000ebe00000|100%| E|CS|TAMS 0x00000000ebd00000, 0x00000000ebd00000| Complete 
| 190|0x00000000ebe00000, 0x00000000ebf00000, 0x00000000ebf00000|100%| E|CS|TAMS 0x00000000ebe00000, 0x00000000ebe00000| Complete 
| 191|0x00000000ebf00000, 0x00000000ec000000, 0x00000000ec000000|100%| E|CS|TAMS 0x00000000ebf00000, 0x00000000ebf00000| Complete 
| 192|0x00000000ec000000, 0x00000000ec100000, 0x00000000ec100000|100%| E|CS|TAMS 0x00000000ec000000, 0x00000000ec000000| Complete 
| 193|0x00000000ec100000, 0x00000000ec200000, 0x00000000ec200000|100%| E|CS|TAMS 0x00000000ec100000, 0x00000000ec100000| Complete 
| 194|0x00000000ec200000, 0x00000000ec300000, 0x00000000ec300000|100%| E|CS|TAMS 0x00000000ec200000, 0x00000000ec200000| Complete 
| 195|0x00000000ec300000, 0x00000000ec400000, 0x00000000ec400000|100%| E|CS|TAMS 0x00000000ec300000, 0x00000000ec300000| Complete 
| 196|0x00000000ec400000, 0x00000000ec500000, 0x00000000ec500000|100%| E|CS|TAMS 0x00000000ec400000, 0x00000000ec400000| Complete 
| 197|0x00000000ec500000, 0x00000000ec600000, 0x00000000ec600000|100%| E|CS|TAMS 0x00000000ec500000, 0x00000000ec500000| Complete 
| 198|0x00000000ec600000, 0x00000000ec700000, 0x00000000ec700000|100%| E|CS|TAMS 0x00000000ec600000, 0x00000000ec600000| Complete 
| 199|0x00000000ec700000, 0x00000000ec800000, 0x00000000ec800000|100%| E|CS|TAMS 0x00000000ec700000, 0x00000000ec700000| Complete 
| 200|0x00000000ec800000, 0x00000000ec900000, 0x00000000ec900000|100%| E|CS|TAMS 0x00000000ec800000, 0x00000000ec800000| Complete 
| 201|0x00000000ec900000, 0x00000000eca00000, 0x00000000eca00000|100%| E|CS|TAMS 0x00000000ec900000, 0x00000000ec900000| Complete 
| 202|0x00000000eca00000, 0x00000000ecb00000, 0x00000000ecb00000|100%| E|CS|TAMS 0x00000000eca00000, 0x00000000eca00000| Complete 
| 203|0x00000000ecb00000, 0x00000000ecc00000, 0x00000000ecc00000|100%| E|CS|TAMS 0x00000000ecb00000, 0x00000000ecb00000| Complete 
| 204|0x00000000ecc00000, 0x00000000ecd00000, 0x00000000ecd00000|100%| E|CS|TAMS 0x00000000ecc00000, 0x00000000ecc00000| Complete 
| 205|0x00000000ecd00000, 0x00000000ece00000, 0x00000000ece00000|100%| E|CS|TAMS 0x00000000ecd00000, 0x00000000ecd00000| Complete 
| 206|0x00000000ece00000, 0x00000000ecf00000, 0x00000000ecf00000|100%| E|CS|TAMS 0x00000000ece00000, 0x00000000ece00000| Complete 
| 207|0x00000000ecf00000, 0x00000000ed000000, 0x00000000ed000000|100%| E|CS|TAMS 0x00000000ecf00000, 0x00000000ecf00000| Complete 
| 208|0x00000000ed000000, 0x00000000ed100000, 0x00000000ed100000|100%| E|CS|TAMS 0x00000000ed000000, 0x00000000ed000000| Complete 
| 209|0x00000000ed100000, 0x00000000ed200000, 0x00000000ed200000|100%| E|CS|TAMS 0x00000000ed100000, 0x00000000ed100000| Complete 
| 210|0x00000000ed200000, 0x00000000ed300000, 0x00000000ed300000|100%| E|CS|TAMS 0x00000000ed200000, 0x00000000ed200000| Complete 
| 211|0x00000000ed300000, 0x00000000ed400000, 0x00000000ed400000|100%| E|CS|TAMS 0x00000000ed300000, 0x00000000ed300000| Complete 
| 212|0x00000000ed400000, 0x00000000ed500000, 0x00000000ed500000|100%| E|CS|TAMS 0x00000000ed400000, 0x00000000ed400000| Complete 
| 213|0x00000000ed500000, 0x00000000ed600000, 0x00000000ed600000|100%| E|CS|TAMS 0x00000000ed500000, 0x00000000ed500000| Complete 
| 214|0x00000000ed600000, 0x00000000ed700000, 0x00000000ed700000|100%| E|CS|TAMS 0x00000000ed600000, 0x00000000ed600000| Complete 
| 215|0x00000000ed700000, 0x00000000ed800000, 0x00000000ed800000|100%| E|CS|TAMS 0x00000000ed700000, 0x00000000ed700000| Complete 
| 216|0x00000000ed800000, 0x00000000ed900000, 0x00000000ed900000|100%| E|CS|TAMS 0x00000000ed800000, 0x00000000ed800000| Complete 
| 217|0x00000000ed900000, 0x00000000eda00000, 0x00000000eda00000|100%| E|CS|TAMS 0x00000000ed900000, 0x00000000ed900000| Complete 
| 218|0x00000000eda00000, 0x00000000edb00000, 0x00000000edb00000|100%| E|CS|TAMS 0x00000000eda00000, 0x00000000eda00000| Complete 
| 219|0x00000000edb00000, 0x00000000edc00000, 0x00000000edc00000|100%| E|CS|TAMS 0x00000000edb00000, 0x00000000edb00000| Complete 
| 220|0x00000000edc00000, 0x00000000edd00000, 0x00000000edd00000|100%| E|CS|TAMS 0x00000000edc00000, 0x00000000edc00000| Complete 
| 221|0x00000000edd00000, 0x00000000ede00000, 0x00000000ede00000|100%| E|CS|TAMS 0x00000000edd00000, 0x00000000edd00000| Complete 
| 222|0x00000000ede00000, 0x00000000edf00000, 0x00000000edf00000|100%| E|CS|TAMS 0x00000000ede00000, 0x00000000ede00000| Complete 
| 223|0x00000000edf00000, 0x00000000ee000000, 0x00000000ee000000|100%| E|CS|TAMS 0x00000000edf00000, 0x00000000edf00000| Complete 
| 224|0x00000000ee000000, 0x00000000ee100000, 0x00000000ee100000|100%| E|CS|TAMS 0x00000000ee000000, 0x00000000ee000000| Complete 
| 225|0x00000000ee100000, 0x00000000ee200000, 0x00000000ee200000|100%| E|CS|TAMS 0x00000000ee100000, 0x00000000ee100000| Complete 
| 226|0x00000000ee200000, 0x00000000ee300000, 0x00000000ee300000|100%| E|CS|TAMS 0x00000000ee200000, 0x00000000ee200000| Complete 
| 227|0x00000000ee300000, 0x00000000ee400000, 0x00000000ee400000|100%| E|CS|TAMS 0x00000000ee300000, 0x00000000ee300000| Complete 
| 228|0x00000000ee400000, 0x00000000ee500000, 0x00000000ee500000|100%| E|CS|TAMS 0x00000000ee400000, 0x00000000ee400000| Complete 
| 229|0x00000000ee500000, 0x00000000ee5f0480, 0x00000000ee600000| 93%| S|CS|TAMS 0x00000000ee500000, 0x00000000ee500000| Complete 
| 230|0x00000000ee600000, 0x00000000ee700000, 0x00000000ee700000|100%| S|CS|TAMS 0x00000000ee600000, 0x00000000ee600000| Complete 
| 231|0x00000000ee700000, 0x00000000ee800000, 0x00000000ee800000|100%| S|CS|TAMS 0x00000000ee700000, 0x00000000ee700000| Complete 
| 232|0x00000000ee800000, 0x00000000ee900000, 0x00000000ee900000|100%| S|CS|TAMS 0x00000000ee800000, 0x00000000ee800000| Complete 
| 233|0x00000000ee900000, 0x00000000eea00000, 0x00000000eea00000|100%| S|CS|TAMS 0x00000000ee900000, 0x00000000ee900000| Complete 
| 234|0x00000000eea00000, 0x00000000eeb00000, 0x00000000eeb00000|100%| S|CS|TAMS 0x00000000eea00000, 0x00000000eea00000| Complete 
| 235|0x00000000eeb00000, 0x00000000eec00000, 0x00000000eec00000|100%| S|CS|TAMS 0x00000000eeb00000, 0x00000000eeb00000| Complete 
| 236|0x00000000eec00000, 0x00000000eed00000, 0x00000000eed00000|100%| S|CS|TAMS 0x00000000eec00000, 0x00000000eec00000| Complete 
| 237|0x00000000eed00000, 0x00000000eee00000, 0x00000000eee00000|100%| S|CS|TAMS 0x00000000eed00000, 0x00000000eed00000| Complete 
| 238|0x00000000eee00000, 0x00000000eef00000, 0x00000000eef00000|100%| S|CS|TAMS 0x00000000eee00000, 0x00000000eee00000| Complete 
| 239|0x00000000eef00000, 0x00000000ef000000, 0x00000000ef000000|100%| S|CS|TAMS 0x00000000eef00000, 0x00000000eef00000| Complete 
| 240|0x00000000ef000000, 0x00000000ef100000, 0x00000000ef100000|100%| E|CS|TAMS 0x00000000ef000000, 0x00000000ef000000| Complete 
| 241|0x00000000ef100000, 0x00000000ef200000, 0x00000000ef200000|100%| E|CS|TAMS 0x00000000ef100000, 0x00000000ef100000| Complete 
| 242|0x00000000ef200000, 0x00000000ef300000, 0x00000000ef300000|100%| E|CS|TAMS 0x00000000ef200000, 0x00000000ef200000| Complete 
| 243|0x00000000ef300000, 0x00000000ef400000, 0x00000000ef400000|100%| E|CS|TAMS 0x00000000ef300000, 0x00000000ef300000| Complete 
| 244|0x00000000ef400000, 0x00000000ef500000, 0x00000000ef500000|100%| E|CS|TAMS 0x00000000ef400000, 0x00000000ef400000| Complete 
| 245|0x00000000ef500000, 0x00000000ef600000, 0x00000000ef600000|100%| E|CS|TAMS 0x00000000ef500000, 0x00000000ef500000| Complete 
| 246|0x00000000ef600000, 0x00000000ef700000, 0x00000000ef700000|100%| E|CS|TAMS 0x00000000ef600000, 0x00000000ef600000| Complete 
| 247|0x00000000ef700000, 0x00000000ef800000, 0x00000000ef800000|100%| E|CS|TAMS 0x00000000ef700000, 0x00000000ef700000| Complete 
| 248|0x00000000ef800000, 0x00000000ef900000, 0x00000000ef900000|100%| E|CS|TAMS 0x00000000ef800000, 0x00000000ef800000| Complete 
| 249|0x00000000ef900000, 0x00000000efa00000, 0x00000000efa00000|100%| E|CS|TAMS 0x00000000ef900000, 0x00000000ef900000| Complete 
| 250|0x00000000efa00000, 0x00000000efb00000, 0x00000000efb00000|100%| E|CS|TAMS 0x00000000efa00000, 0x00000000efa00000| Complete 
| 251|0x00000000efb00000, 0x00000000efc00000, 0x00000000efc00000|100%| E|CS|TAMS 0x00000000efb00000, 0x00000000efb00000| Complete 
| 252|0x00000000efc00000, 0x00000000efd00000, 0x00000000efd00000|100%| E|CS|TAMS 0x00000000efc00000, 0x00000000efc00000| Complete 
| 253|0x00000000efd00000, 0x00000000efe00000, 0x00000000efe00000|100%| E|CS|TAMS 0x00000000efd00000, 0x00000000efd00000| Complete 
| 254|0x00000000efe00000, 0x00000000eff00000, 0x00000000eff00000|100%| E|CS|TAMS 0x00000000efe00000, 0x00000000efe00000| Complete 
| 255|0x00000000eff00000, 0x00000000f0000000, 0x00000000f0000000|100%| E|CS|TAMS 0x00000000eff00000, 0x00000000eff00000| Complete 

Card table byte_map: [0x00000196cbe20000,0x00000196cbf20000] _byte_map_base: 0x00000196cb720000

Marking Bits (Prev, Next): (CMBitMap*) 0x00000196b3231220, (CMBitMap*) 0x00000196b32311e0
 Prev Bits: [0x00000196cc820000, 0x00000196cd020000)
 Next Bits: [0x00000196cc020000, 0x00000196cc820000)

Polling page: 0x00000196b31b0000

Metaspace:

Usage:
  Non-class:     29.56 MB used.
      Class:      4.75 MB used.
       Both:     34.31 MB used.

Virtual space:
  Non-class space:       64.00 MB reserved,      29.75 MB ( 46%) committed,  1 nodes.
      Class space:      320.00 MB reserved,       4.94 MB (  2%) committed,  1 nodes.
             Both:      384.00 MB reserved,      34.69 MB (  9%) committed. 

Chunk freelists:
   Non-Class:  1.95 MB
       Class:  11.11 MB
        Both:  13.06 MB

MaxMetaspaceSize: 384.00 MB
CompressedClassSpaceSize: 320.00 MB
Initial GC threshold: 21.00 MB
Current GC threshold: 35.12 MB
CDS: on
MetaspaceReclaimPolicy: balanced
 - commit_granule_bytes: 65536.
 - commit_granule_words: 8192.
 - virtual_space_node_default_size: 8388608.
 - enlarge_chunks_in_place: 1.
 - new_chunks_are_fully_committed: 0.
 - uncommit_free_chunks: 1.
 - use_allocation_guard: 0.
 - handle_deallocations: 1.


Internal statistics:

num_allocs_failed_limit: 3.
num_arena_births: 358.
num_arena_deaths: 0.
num_vsnodes_births: 2.
num_vsnodes_deaths: 0.
num_space_committed: 555.
num_space_uncommitted: 0.
num_chunks_returned_to_freelist: 3.
num_chunks_taken_from_freelist: 1656.
num_chunk_merges: 3.
num_chunk_splits: 1085.
num_chunks_enlarged: 753.
num_inconsistent_stats: 0.

CodeHeap 'non-profiled nmethods': size=120000Kb used=2100Kb max_used=2100Kb free=117899Kb
 bounds [0x00000196c3d80000, 0x00000196c3ff0000, 0x00000196cb2b0000]
CodeHeap 'profiled nmethods': size=120000Kb used=8601Kb max_used=8601Kb free=111398Kb
 bounds [0x00000196bc2b0000, 0x00000196bcb20000, 0x00000196c37e0000]
CodeHeap 'non-nmethods': size=5760Kb used=2289Kb max_used=2308Kb free=3470Kb
 bounds [0x00000196c37e0000, 0x00000196c3a50000, 0x00000196c3d80000]
 total_blobs=4883 nmethods=4084 adapters=711
 compilation: enabled
              stopped_count=0, restarted_count=0
 full_count=0

Compilation events (20 events):
Event: 67.082 Thread 0x00000196cfaa5eb0 4074   !   3       com.sun.beans.introspect.PropertyInfo::initialize (374 bytes)
Event: 69.110 Thread 0x00000196cfaa5eb0 nmethod 4074 0x00000196bcb04310 code [0x00000196bcb049e0, 0x00000196bcb08578]
Event: 69.110 Thread 0x00000196cfaa5eb0 4075       3       java.beans.Introspector::addPropertyDescriptor (265 bytes)
Event: 69.118 Thread 0x00000196cfaa5eb0 nmethod 4075 0x00000196bcb0a010 code [0x00000196bcb0a680, 0x00000196bcb0f2b8]
Event: 69.118 Thread 0x00000196cfaa5eb0 4076       1       com.sun.beans.introspect.PropertyInfo::getIndexed (5 bytes)
Event: 69.118 Thread 0x00000196cfaa5eb0 nmethod 4076 0x00000196c3f8bc10 code [0x00000196c3f8bda0, 0x00000196c3f8be78]
Event: 69.118 Thread 0x00000196cfaa5eb0 4077       1       com.sun.beans.introspect.PropertyInfo::getPropertyType (5 bytes)
Event: 69.118 Thread 0x00000196cfaa5eb0 nmethod 4077 0x00000196c3f8bf10 code [0x00000196c3f8c0a0, 0x00000196c3f8c178]
Event: 69.118 Thread 0x00000196cfaa5eb0 4078       1       java.beans.PropertyDescriptor::setConstrained (6 bytes)
Event: 69.118 Thread 0x00000196cfaa5eb0 nmethod 4078 0x00000196c3f8c210 code [0x00000196c3f8c3a0, 0x00000196c3f8c478]
Event: 69.118 Thread 0x00000196cfaa5eb0 4079       1       java.beans.PropertyDescriptor::setBound (6 bytes)
Event: 69.118 Thread 0x00000196cfaa5eb0 nmethod 4079 0x00000196c3f8c510 code [0x00000196c3f8c6a0, 0x00000196c3f8c778]
Event: 69.118 Thread 0x00000196cfaa5eb0 4080       1       java.beans.FeatureDescriptor::setExpert (6 bytes)
Event: 69.118 Thread 0x00000196cfaa5eb0 nmethod 4080 0x00000196c3f8c810 code [0x00000196c3f8c9a0, 0x00000196c3f8ca78]
Event: 69.118 Thread 0x00000196cfaa5eb0 4081       1       java.beans.FeatureDescriptor::setHidden (6 bytes)
Event: 69.118 Thread 0x00000196cfaa5eb0 nmethod 4081 0x00000196c3f8cb10 code [0x00000196c3f8cca0, 0x00000196c3f8cd78]
Event: 69.118 Thread 0x00000196cfaa5eb0 4082       1       java.beans.FeatureDescriptor::setPreferred (6 bytes)
Event: 69.118 Thread 0x00000196cfaa5eb0 nmethod 4082 0x00000196c3f8ce10 code [0x00000196c3f8cfa0, 0x00000196c3f8d078]
Event: 71.030 Thread 0x00000196cfaa5eb0 4084       3       java.util.ComparableTimSort::countRunAndMakeAscending (123 bytes)
Event: 71.031 Thread 0x00000196cfaa5eb0 nmethod 4084 0x00000196bcb10590 code [0x00000196bcb107c0, 0x00000196bcb11238]

GC Heap History (8 events):
Event: 8.786 GC heap before
{Heap before GC invocations=0 (full 0):
 garbage-first heap   total 262144K, used 26624K [0x00000000e0000000, 0x0000000100000000)
  region size 1024K, 23 young (23552K), 0 survivors (0K)
 Metaspace       used 1998K, committed 2176K, reserved 393216K
  class space    used 207K, committed 320K, reserved 327680K
}
Event: 8.848 GC heap after
{Heap after GC invocations=1 (full 0):
 garbage-first heap   total 262144K, used 10938K [0x00000000e0000000, 0x0000000100000000)
  region size 1024K, 3 young (3072K), 3 survivors (3072K)
 Metaspace       used 1998K, committed 2176K, reserved 393216K
  class space    used 207K, committed 320K, reserved 327680K
}
Event: 23.592 GC heap before
{Heap before GC invocations=1 (full 0):
 garbage-first heap   total 262144K, used 36538K [0x00000000e0000000, 0x0000000100000000)
  region size 1024K, 28 young (28672K), 3 survivors (3072K)
 Metaspace       used 4091K, committed 4288K, reserved 393216K
  class space    used 508K, committed 640K, reserved 327680K
}
Event: 23.598 GC heap after
{Heap after GC invocations=2 (full 0):
 garbage-first heap   total 262144K, used 12036K [0x00000000e0000000, 0x0000000100000000)
  region size 1024K, 2 young (2048K), 2 survivors (2048K)
 Metaspace       used 4091K, committed 4288K, reserved 393216K
  class space    used 508K, committed 640K, reserved 327680K
}
Event: 51.456 GC heap before
{Heap before GC invocations=2 (full 0):
 garbage-first heap   total 262144K, used 130820K [0x00000000e0000000, 0x0000000100000000)
  region size 1024K, 116 young (118784K), 2 survivors (2048K)
 Metaspace       used 19372K, committed 19648K, reserved 393216K
  class space    used 2806K, committed 2944K, reserved 327680K
}
Event: 51.476 GC heap after
{Heap after GC invocations=3 (full 0):
 garbage-first heap   total 262144K, used 22840K [0x00000000e0000000, 0x0000000100000000)
  region size 1024K, 11 young (11264K), 11 survivors (11264K)
 Metaspace       used 19372K, committed 19648K, reserved 393216K
  class space    used 2806K, committed 2944K, reserved 327680K
}
Event: 52.807 GC heap before
{Heap before GC invocations=3 (full 0):
 garbage-first heap   total 262144K, used 38200K [0x00000000e0000000, 0x0000000100000000)
  region size 1024K, 27 young (27648K), 11 survivors (11264K)
 Metaspace       used 21212K, committed 21504K, reserved 393216K
  class space    used 3104K, committed 3264K, reserved 327680K
}
Event: 52.820 GC heap after
{Heap after GC invocations=4 (full 0):
 garbage-first heap   total 262144K, used 24168K [0x00000000e0000000, 0x0000000100000000)
  region size 1024K, 11 young (11264K), 11 survivors (11264K)
 Metaspace       used 21212K, committed 21504K, reserved 393216K
  class space    used 3104K, committed 3264K, reserved 327680K
}

Deoptimization events (20 events):
Event: 62.371 Thread 0x00000196e98785a0 DEOPT PACKING pc=0x00000196c3eec330 sp=0x00000093170f7ce0
Event: 62.371 Thread 0x00000196e98785a0 DEOPT UNPACKING pc=0x00000196c38323a3 sp=0x00000093170f7c78 mode 2
Event: 64.261 Thread 0x00000196e98785a0 Uncommon trap: trap_request=0xffffff6e fr.pc=0x00000196c3f65d20 relative=0x00000000000004c0
Event: 64.261 Thread 0x00000196e98785a0 Uncommon trap: reason=loop_limit_check action=maybe_recompile pc=0x00000196c3f65d20 method=java.util.regex.Pattern$Start.match(Ljava/util/regex/Matcher;ILjava/lang/CharSequence;)Z @ 34 c2
Event: 64.261 Thread 0x00000196e98785a0 DEOPT PACKING pc=0x00000196c3f65d20 sp=0x00000093170f7de0
Event: 64.261 Thread 0x00000196e98785a0 DEOPT UNPACKING pc=0x00000196c38323a3 sp=0x00000093170f7d20 mode 2
Event: 64.726 Thread 0x00000196e98785a0 Uncommon trap: trap_request=0xffffff45 fr.pc=0x00000196c3e6c9f4 relative=0x0000000000000634
Event: 64.726 Thread 0x00000196e98785a0 Uncommon trap: reason=unstable_if action=reinterpret pc=0x00000196c3e6c9f4 method=java.lang.String.regionMatches(ZILjava/lang/String;II)Z @ 36 c2
Event: 64.726 Thread 0x00000196e98785a0 DEOPT PACKING pc=0x00000196c3e6c9f4 sp=0x00000093170f81c0
Event: 64.727 Thread 0x00000196e98785a0 DEOPT UNPACKING pc=0x00000196c38323a3 sp=0x00000093170f8138 mode 2
Event: 64.754 Thread 0x00000196e98785a0 Uncommon trap: trap_request=0xffffffde fr.pc=0x00000196c3f6dc6c relative=0x000000000000040c
Event: 64.754 Thread 0x00000196e98785a0 Uncommon trap: reason=class_check action=maybe_recompile pc=0x00000196c3f6dc6c method=java.util.regex.Pattern$Start.match(Ljava/util/regex/Matcher;ILjava/lang/CharSequence;)Z @ 44 c2
Event: 64.754 Thread 0x00000196e98785a0 DEOPT PACKING pc=0x00000196c3f6dc6c sp=0x00000093170f8d00
Event: 64.754 Thread 0x00000196e98785a0 DEOPT UNPACKING pc=0x00000196c38323a3 sp=0x00000093170f8c30 mode 2
Event: 64.755 Thread 0x00000196e98785a0 Uncommon trap: trap_request=0xffffffde fr.pc=0x00000196c3f6dc6c relative=0x000000000000040c
Event: 64.755 Thread 0x00000196e98785a0 Uncommon trap: reason=class_check action=maybe_recompile pc=0x00000196c3f6dc6c method=java.util.regex.Pattern$Start.match(Ljava/util/regex/Matcher;ILjava/lang/CharSequence;)Z @ 44 c2
Event: 64.755 Thread 0x00000196e98785a0 DEOPT PACKING pc=0x00000196c3f6dc6c sp=0x00000093170f8d00
Event: 64.755 Thread 0x00000196e98785a0 DEOPT UNPACKING pc=0x00000196c38323a3 sp=0x00000093170f8c30 mode 2
Event: 66.794 Thread 0x00000196e98785a0 DEOPT PACKING pc=0x00000196bc6f9edc sp=0x00000093170f9e80
Event: 66.794 Thread 0x00000196e98785a0 DEOPT UNPACKING pc=0x00000196c3832b43 sp=0x00000093170f9400 mode 0

Classes unloaded (0 events):
No events

Classes redefined (0 events):
No events

Internal exceptions (20 events):
Event: 64.828 Thread 0x00000196e98785a0 Exception <a 'java/lang/ClassNotFoundException'{0x00000000e944a5f8}: org/gradle/internal/extensibility/DefaultExtraPropertiesExtensionCustomizer> (0x00000000e944a5f8) 
thrown [s\open\src\hotspot\share\classfile\systemDictionary.cpp, line 256]
Event: 64.867 Thread 0x00000196e98785a0 Exception <a 'java/lang/NoSuchMethodError'{0x00000000e94ae5f8}: 'void java.lang.invoke.Invokers$Holder.invoke_MT(java.lang.Object, java.lang.Object, java.lang.Object, java.lang.Object)'> (0x00000000e94ae5f8) 
thrown [s\open\src\hotspot\share\interpreter\linkResolver.cpp, line 759]
Event: 64.942 Thread 0x00000196e98785a0 Exception <a 'java/lang/ClassNotFoundException'{0x00000000e920bde0}: org/gradle/invocation/DefaultGradle_DecoratedBeanInfo> (0x00000000e920bde0) 
thrown [s\open\src\hotspot\share\classfile\systemDictionary.cpp, line 256]
Event: 64.944 Thread 0x00000196e98785a0 Exception <a 'java/lang/ClassNotFoundException'{0x00000000e921a780}: org/gradle/invocation/DefaultGradleBeanInfo> (0x00000000e921a780) 
thrown [s\open\src\hotspot\share\classfile\systemDictionary.cpp, line 256]
Event: 64.947 Thread 0x00000196e98785a0 Exception <a 'java/lang/ClassNotFoundException'{0x00000000e9229758}: org/gradle/api/internal/project/AbstractPluginAwareBeanInfo> (0x00000000e9229758) 
thrown [s\open\src\hotspot\share\classfile\systemDictionary.cpp, line 256]
Event: 64.949 Thread 0x00000196e98785a0 Exception <a 'java/lang/ClassNotFoundException'{0x00000000e9238780}: org/gradle/api/internal/project/AbstractPluginAwareCustomizer> (0x00000000e9238780) 
thrown [s\open\src\hotspot\share\classfile\systemDictionary.cpp, line 256]
Event: 64.954 Thread 0x00000196e98785a0 Exception <a 'java/lang/ClassNotFoundException'{0x00000000e924cd40}: org/gradle/invocation/DefaultGradleCustomizer> (0x00000000e924cd40) 
thrown [s\open\src\hotspot\share\classfile\systemDictionary.cpp, line 256]
Event: 64.966 Thread 0x00000196e98785a0 Exception <a 'java/lang/ClassNotFoundException'{0x00000000e928d060}: org/gradle/invocation/DefaultGradle_DecoratedCustomizer> (0x00000000e928d060) 
thrown [s\open\src\hotspot\share\classfile\systemDictionary.cpp, line 256]
Event: 65.998 Thread 0x00000196e98785a0 Exception <a 'java/lang/ClassNotFoundException'{0x00000000e8e721a0}: groovy/lang/Closure$1BeanInfo> (0x00000000e8e721a0) 
thrown [s\open\src\hotspot\share\classfile\systemDictionary.cpp, line 256]
Event: 65.999 Thread 0x00000196e98785a0 Exception <a 'java/lang/ClassNotFoundException'{0x00000000e8e8e2e8}: groovy/lang/ClosureBeanInfo> (0x00000000e8e8e2e8) 
thrown [s\open\src\hotspot\share\classfile\systemDictionary.cpp, line 256]
Event: 66.002 Thread 0x00000196e98785a0 Exception <a 'java/lang/ClassNotFoundException'{0x00000000e8eaa0d0}: groovy/lang/ClosureCustomizer> (0x00000000e8eaa0d0) 
thrown [s\open\src\hotspot\share\classfile\systemDictionary.cpp, line 256]
Event: 66.017 Thread 0x00000196e98785a0 Exception <a 'java/lang/ClassNotFoundException'{0x00000000e8ee93c8}: groovy/lang/Closure$1Customizer> (0x00000000e8ee93c8) 
thrown [s\open\src\hotspot\share\classfile\systemDictionary.cpp, line 256]
Event: 66.955 Thread 0x00000196e98785a0 Exception <a 'java/lang/ClassNotFoundException'{0x00000000e8b169d8}: ijresolvers1_slbqsnfz8pwjofgwx0jmr439BeanInfo> (0x00000000e8b169d8) 
thrown [s\open\src\hotspot\share\classfile\systemDictionary.cpp, line 256]
Event: 66.958 Thread 0x00000196e98785a0 Exception <a 'java/lang/ClassNotFoundException'{0x00000000e8b1d018}: ijresolvers1_slbqsnfz8pwjofgwx0jmr439Customizer> (0x00000000e8b1d018) 
thrown [s\open\src\hotspot\share\classfile\systemDictionary.cpp, line 256]
Event: 67.001 Thread 0x00000196e98785a0 Exception <a 'java/lang/ClassNotFoundException'{0x00000000e8b6b5c8}: org/gradle/internal/metaobject/ConfigureDelegateBeanInfo> (0x00000000e8b6b5c8) 
thrown [s\open\src\hotspot\share\classfile\systemDictionary.cpp, line 256]
Event: 67.007 Thread 0x00000196e98785a0 Exception <a 'java/lang/ClassNotFoundException'{0x00000000e8b7a4e0}: org/gradle/internal/metaobject/ConfigureDelegateCustomizer> (0x00000000e8b7a4e0) 
thrown [s\open\src\hotspot\share\classfile\systemDictionary.cpp, line 256]
Event: 67.076 Thread 0x00000196e98785a0 Exception <a 'java/lang/ClassNotFoundException'{0x00000000e8a5e960}: org/gradle/api/internal/initialization/DefaultScriptHandler_DecoratedBeanInfo> (0x00000000e8a5e960) 
thrown [s\open\src\hotspot\share\classfile\systemDictionary.cpp, line 256]
Event: 67.079 Thread 0x00000196e98785a0 Exception <a 'java/lang/ClassNotFoundException'{0x00000000e8a6f720}: org/gradle/api/internal/initialization/DefaultScriptHandlerBeanInfo> (0x00000000e8a6f720) 
thrown [s\open\src\hotspot\share\classfile\systemDictionary.cpp, line 256]
Event: 67.080 Thread 0x00000196e98785a0 Exception <a 'java/lang/ClassNotFoundException'{0x00000000e8a809c0}: org/gradle/api/internal/initialization/DefaultScriptHandlerCustomizer> (0x00000000e8a809c0) 
thrown [s\open\src\hotspot\share\classfile\systemDictionary.cpp, line 256]
Event: 67.085 Thread 0x00000196e98785a0 Exception <a 'java/lang/ClassNotFoundException'{0x00000000e8a9dec8}: org/gradle/api/internal/initialization/DefaultScriptHandler_DecoratedCustomizer> (0x00000000e8a9dec8) 
thrown [s\open\src\hotspot\share\classfile\systemDictionary.cpp, line 256]

VM Operations (20 events):
Event: 62.459 Executing VM operation: HandshakeAllThreads
Event: 62.459 Executing VM operation: HandshakeAllThreads done
Event: 62.459 Executing VM operation: Cleanup
Event: 62.459 Executing VM operation: Cleanup done
Event: 62.606 Executing VM operation: HandshakeAllThreads
Event: 62.606 Executing VM operation: HandshakeAllThreads done
Event: 62.813 Executing VM operation: HandshakeAllThreads
Event: 62.813 Executing VM operation: HandshakeAllThreads done
Event: 63.825 Executing VM operation: Cleanup
Event: 63.878 Executing VM operation: Cleanup done
Event: 63.925 Executing VM operation: HandshakeAllThreads
Event: 63.925 Executing VM operation: HandshakeAllThreads done
Event: 64.277 Executing VM operation: HandshakeAllThreads
Event: 64.277 Executing VM operation: HandshakeAllThreads done
Event: 65.280 Executing VM operation: Cleanup
Event: 65.281 Executing VM operation: Cleanup done
Event: 66.282 Executing VM operation: Cleanup
Event: 66.317 Executing VM operation: Cleanup done
Event: 67.328 Executing VM operation: Cleanup
Event: 68.107 Executing VM operation: Cleanup done

Events (20 events):
Event: 64.646 loading class java/util/WeakHashMap$HashIterator
Event: 64.646 loading class java/util/WeakHashMap$HashIterator done
Event: 64.646 loading class java/util/WeakHashMap$KeyIterator done
Event: 65.004 loading class jdk/internal/reflect/UnsafeObjectFieldAccessorImpl
Event: 65.004 loading class jdk/internal/reflect/UnsafeObjectFieldAccessorImpl done
Event: 65.212 loading class sun/reflect/MagicAccessorImpl
Event: 65.212 loading class sun/reflect/MagicAccessorImpl done
Event: 66.017 loading class com/sun/beans/finder/MethodFinder
Event: 66.021 loading class com/sun/beans/finder/AbstractFinder
Event: 66.021 loading class com/sun/beans/finder/AbstractFinder done
Event: 66.021 loading class com/sun/beans/finder/MethodFinder done
Event: 66.021 loading class com/sun/beans/finder/MethodFinder$1
Event: 66.021 loading class com/sun/beans/finder/MethodFinder$1 done
Event: 66.021 loading class com/sun/beans/finder/FinderUtils
Event: 66.021 loading class com/sun/beans/finder/FinderUtils done
Event: 66.794 Thread 0x00000196cfcc33d0 Thread added: 0x00000196cfcc33d0
Event: 67.035 loading class java/lang/ThreadLocal$SuppliedThreadLocal
Event: 67.036 loading class java/lang/ThreadLocal$SuppliedThreadLocal done
Event: 67.041 loading class java/util/function/IntBinaryOperator
Event: 67.042 loading class java/util/function/IntBinaryOperator done


Dynamic libraries:
0x00007ff746e60000 - 0x00007ff746e70000 	C:\Program Files\Java\jdk-17\bin\java.exe
0x00007fff90c40000 - 0x00007fff90ea0000 	C:\WINDOWS\SYSTEM32\ntdll.dll
0x00007fff8ee60000 - 0x00007fff8ef27000 	C:\WINDOWS\System32\KERNEL32.DLL
0x00007fff8e0e0000 - 0x00007fff8e4ab000 	C:\WINDOWS\System32\KERNELBASE.dll
0x00007fff8e4b0000 - 0x00007fff8e5fb000 	C:\WINDOWS\System32\ucrtbase.dll
0x00007fff68050000 - 0x00007fff68069000 	C:\Program Files\Java\jdk-17\bin\jli.dll
0x00007fff8fa20000 - 0x00007fff8fad3000 	C:\WINDOWS\System32\ADVAPI32.dll
0x00007fff90b50000 - 0x00007fff90bf9000 	C:\WINDOWS\System32\msvcrt.dll
0x00007fff90180000 - 0x00007fff90226000 	C:\WINDOWS\System32\sechost.dll
0x00007fff8fae0000 - 0x00007fff8fbf6000 	C:\WINDOWS\System32\RPCRT4.dll
0x00007fff8eb70000 - 0x00007fff8ed3c000 	C:\WINDOWS\System32\USER32.dll
0x00007fff8de20000 - 0x00007fff8de47000 	C:\WINDOWS\System32\win32u.dll
0x00007fff8ef30000 - 0x00007fff8ef5a000 	C:\WINDOWS\System32\GDI32.dll
0x00007fff8def0000 - 0x00007fff8e021000 	C:\WINDOWS\System32\gdi32full.dll
0x00007fff8e030000 - 0x00007fff8e0d3000 	C:\WINDOWS\System32\msvcp_win.dll
0x00007fff60da0000 - 0x00007fff60dbb000 	C:\Program Files\Java\jdk-17\bin\VCRUNTIME140.dll
0x00007fff6dff0000 - 0x00007fff6e287000 	C:\WINDOWS\WinSxS\amd64_microsoft.windows.common-controls_6595b64144ccf1df_6.0.26100.3624_none_3e086962e3345f24\COMCTL32.dll
0x00007fff80970000 - 0x00007fff8097b000 	C:\WINDOWS\SYSTEM32\VERSION.dll
0x00007fff90b10000 - 0x00007fff90b3f000 	C:\WINDOWS\System32\IMM32.DLL
0x00007fff856b0000 - 0x00007fff856bc000 	C:\Program Files\Java\jdk-17\bin\vcruntime140_1.dll
0x00007fff33d20000 - 0x00007fff33dae000 	C:\Program Files\Java\jdk-17\bin\msvcp140.dll
0x00007ffeff550000 - 0x00007fff00131000 	C:\Program Files\Java\jdk-17\bin\server\jvm.dll
0x00007fff8f790000 - 0x00007fff8f798000 	C:\WINDOWS\System32\PSAPI.DLL
0x00007fff6f9f0000 - 0x00007fff6f9fa000 	C:\WINDOWS\SYSTEM32\WSOCK32.dll
0x00007fff8eaf0000 - 0x00007fff8eb64000 	C:\WINDOWS\System32\WS2_32.dll
0x00007fff7b100000 - 0x00007fff7b136000 	C:\WINDOWS\SYSTEM32\WINMM.dll
0x00007fff8cd50000 - 0x00007fff8cd6a000 	C:\WINDOWS\SYSTEM32\kernel.appcore.dll
0x00007fff7eec0000 - 0x00007fff7eeca000 	C:\Program Files\Java\jdk-17\bin\jimage.dll
0x00007fff87bc0000 - 0x00007fff87e01000 	C:\WINDOWS\SYSTEM32\DBGHELP.DLL
0x00007fff8fc00000 - 0x00007fff8ff83000 	C:\WINDOWS\System32\combase.dll
0x00007fff907c0000 - 0x00007fff90896000 	C:\WINDOWS\System32\OLEAUT32.dll
0x00007fff7e6e0000 - 0x00007fff7e719000 	C:\WINDOWS\SYSTEM32\dbgcore.DLL
0x00007fff8de50000 - 0x00007fff8dee9000 	C:\WINDOWS\System32\bcryptPrimitives.dll
0x00007fff7ec40000 - 0x00007fff7ec4e000 	C:\Program Files\Java\jdk-17\bin\instrument.dll
0x00007fff55f50000 - 0x00007fff55f75000 	C:\Program Files\Java\jdk-17\bin\java.dll
0x00007fff31110000 - 0x00007fff311e7000 	C:\Program Files\Java\jdk-17\bin\jsvml.dll
0x00007fff8f060000 - 0x00007fff8f789000 	C:\WINDOWS\System32\SHELL32.dll
0x00007fff8e6c0000 - 0x00007fff8e828000 	C:\WINDOWS\System32\wintypes.dll
0x00007fff8baa0000 - 0x00007fff8c2f2000 	C:\WINDOWS\SYSTEM32\windows.storage.dll
0x00007fff906d0000 - 0x00007fff907bd000 	C:\WINDOWS\System32\SHCORE.dll
0x00007fff908b0000 - 0x00007fff90914000 	C:\WINDOWS\System32\shlwapi.dll
0x00007fff8dd30000 - 0x00007fff8dd5f000 	C:\WINDOWS\SYSTEM32\profapi.dll
0x00007fff60be0000 - 0x00007fff60bf8000 	C:\Program Files\Java\jdk-17\bin\zip.dll
0x00007fff5ff80000 - 0x00007fff5ff99000 	C:\Program Files\Java\jdk-17\bin\net.dll
0x00007fff85ab0000 - 0x00007fff85bcd000 	C:\WINDOWS\SYSTEM32\WINHTTP.dll
0x00007fff8d270000 - 0x00007fff8d2da000 	C:\WINDOWS\system32\mswsock.dll
0x00007fff5fe50000 - 0x00007fff5fe66000 	C:\Program Files\Java\jdk-17\bin\nio.dll
0x00007fff7f670000 - 0x00007fff7f680000 	C:\Program Files\Java\jdk-17\bin\verify.dll
0x00007fff61950000 - 0x00007fff61977000 	C:\Users\vnme1\.gradle\native\c067742578af261105cb4f569cf0c3c89f3d7b1fecec35dd04571415982c5e48\windows-amd64\native-platform.dll
0x00007fff3cb80000 - 0x00007fff3ccc4000 	C:\Users\vnme1\.gradle\native\100fb08df4bc3b14c8652ba06237920a3bd2aa13389f12d3474272988ae205f9\windows-amd64\native-platform-file-events.dll
0x00007fff7f660000 - 0x00007fff7f66a000 	C:\Program Files\Java\jdk-17\bin\management.dll
0x00007fff7f650000 - 0x00007fff7f65b000 	C:\Program Files\Java\jdk-17\bin\management_ext.dll
0x00007fff8d510000 - 0x00007fff8d52c000 	C:\WINDOWS\SYSTEM32\CRYPTSP.dll
0x00007fff8ccb0000 - 0x00007fff8ccea000 	C:\WINDOWS\system32\rsaenh.dll
0x00007fff8d310000 - 0x00007fff8d33b000 	C:\WINDOWS\SYSTEM32\USERENV.dll
0x00007fff8d750000 - 0x00007fff8d776000 	C:\WINDOWS\SYSTEM32\bcrypt.dll
0x00007fff8d530000 - 0x00007fff8d53c000 	C:\WINDOWS\SYSTEM32\CRYPTBASE.dll
0x00007fff8c6f0000 - 0x00007fff8c723000 	C:\WINDOWS\SYSTEM32\IPHLPAPI.DLL
0x00007fff90170000 - 0x00007fff9017a000 	C:\WINDOWS\System32\NSI.dll
0x00007fff85e30000 - 0x00007fff85e4f000 	C:\WINDOWS\SYSTEM32\dhcpcsvc6.DLL
0x00007fff85d40000 - 0x00007fff85d65000 	C:\WINDOWS\SYSTEM32\dhcpcsvc.DLL
0x00007fff8c790000 - 0x00007fff8c8b5000 	C:\WINDOWS\SYSTEM32\DNSAPI.dll
0x00007fff7ebe0000 - 0x00007fff7ebee000 	C:\Program Files\Java\jdk-17\bin\sunmscapi.dll
0x00007fff8e8c0000 - 0x00007fff8ea37000 	C:\WINDOWS\System32\CRYPT32.dll
0x00007fff8d710000 - 0x00007fff8d740000 	C:\WINDOWS\SYSTEM32\ncrypt.dll
0x00007fff8d6c0000 - 0x00007fff8d6ff000 	C:\WINDOWS\SYSTEM32\NTASN1.dll
0x00007fff856a0000 - 0x00007fff856a8000 	C:\WINDOWS\system32\wshunix.dll

dbghelp: loaded successfully - version: 4.0.5 - missing functions: none
symbol engine: initialized successfully - sym options: 0x614 - pdb path: .;C:\Program Files\Java\jdk-17\bin;C:\WINDOWS\SYSTEM32;C:\WINDOWS\WinSxS\amd64_microsoft.windows.common-controls_6595b64144ccf1df_6.0.26100.3624_none_3e086962e3345f24;C:\Program Files\Java\jdk-17\bin\server;C:\Users\vnme1\.gradle\native\c067742578af261105cb4f569cf0c3c89f3d7b1fecec35dd04571415982c5e48\windows-amd64;C:\Users\vnme1\.gradle\native\100fb08df4bc3b14c8652ba06237920a3bd2aa13389f12d3474272988ae205f9\windows-amd64

VM Arguments:
jvm_args: --add-opens=java.base/java.util=ALL-UNNAMED --add-opens=java.base/java.lang=ALL-UNNAMED --add-opens=java.base/java.lang.invoke=ALL-UNNAMED --add-opens=java.prefs/java.util.prefs=ALL-UNNAMED --add-opens=java.base/java.nio.charset=ALL-UNNAMED --add-opens=java.base/java.net=ALL-UNNAMED --add-opens=java.base/java.util.concurrent.atomic=ALL-UNNAMED -XX:MaxMetaspaceSize=384m -XX:+HeapDumpOnOutOfMemoryError -Xms256m -Xmx512m -Dfile.encoding=UTF-8 -Duser.country=KR -Duser.language=ko -Duser.variant -javaagent:C:\Users\vnme1\.gradle\wrapper\dists\gradle-8.8-bin\dl7vupf4psengwqhwktix4v1\gradle-8.8\lib\agents\gradle-instrumentation-agent-8.8.jar 
java_command: org.gradle.launcher.daemon.bootstrap.GradleDaemon 8.8
java_class_path (initial): C:\Users\vnme1\.gradle\wrapper\dists\gradle-8.8-bin\dl7vupf4psengwqhwktix4v1\gradle-8.8\lib\gradle-launcher-8.8.jar
Launcher Type: SUN_STANDARD

[Global flags]
     intx CICompilerCount                          = 4                                         {product} {ergonomic}
   size_t CompressedClassSpaceSize                 = 335544320                                 {product} {ergonomic}
     uint ConcGCThreads                            = 2                                         {product} {ergonomic}
     uint G1ConcRefinementThreads                  = 8                                         {product} {ergonomic}
   size_t G1HeapRegionSize                         = 1048576                                   {product} {ergonomic}
    uintx GCDrainStackTargetSize                   = 64                                        {product} {ergonomic}
     bool HeapDumpOnOutOfMemoryError               = true                                   {manageable} {command line}
   size_t InitialHeapSize                          = 268435456                                 {product} {command line}
   size_t MarkStackSize                            = 4194304                                   {product} {ergonomic}
   size_t MaxHeapSize                              = 536870912                                 {product} {command line}
   size_t MaxMetaspaceSize                         = 402653184                                 {product} {command line}
   size_t MaxNewSize                               = 321912832                                 {product} {ergonomic}
   size_t MinHeapDeltaBytes                        = 1048576                                   {product} {ergonomic}
   size_t MinHeapSize                              = 268435456                                 {product} {command line}
    uintx NonNMethodCodeHeapSize                   = 5839372                                {pd product} {ergonomic}
    uintx NonProfiledCodeHeapSize                  = 122909434                              {pd product} {ergonomic}
    uintx ProfiledCodeHeapSize                     = 122909434                              {pd product} {ergonomic}
    uintx ReservedCodeCacheSize                    = 251658240                              {pd product} {ergonomic}
     bool SegmentedCodeCache                       = true                                      {product} {ergonomic}
   size_t SoftMaxHeapSize                          = 536870912                              {manageable} {ergonomic}
     bool UseCompressedClassPointers               = true                           {product lp64_product} {ergonomic}
     bool UseCompressedOops                        = true                           {product lp64_product} {ergonomic}
     bool UseG1GC                                  = true                                      {product} {ergonomic}
     bool UseLargePagesIndividualAllocation        = false                                  {pd product} {ergonomic}

Logging:
Log output configuration:
 #0: stdout all=warning uptime,level,tags
 #1: stderr all=off uptime,level,tags

Environment Variables:
JAVA_HOME=C:\Program Files\Java\jdk-17
PATH=C:\oraclexe\app\oracle\product\11.2.0\server\bin;;C:\Program Files\Java\jdk-17\bin;C:\Python313\Scripts\;C:\Python313\;C:\oraclexe\app\oracle\product\11.2.0\server\bin;C:\Program Files (x86)\VMware\VMware Player\bin\;C:\Program Files\Common Files\Oracle\Java\javapath;C:\Program Files (x86)\NAT Service;C:\WINDOWS\system32;C:\WINDOWS;C:\WINDOWS\System32\Wbem;C:\WINDOWS\System32\WindowsPowerShell\v1.0\;C:\WINDOWS\System32\OpenSSH\;C:\Program Files\dotnet\;C:\Program Files\Git\cmd;%MAVEN_HOME%\bin;C:\Program Files\MySQL\MySQL Server 8.0\bin;C:\Program Files\PuTTY\;C:\Program Files\nodejs\;C:\ProgramData\chocolatey\bin;;C:\Program Files\Docker\Docker\resources\bin;C:\Program Files\MySQL\MySQL Shell 8.0\bin\;C:\Users\vnme1\AppData\Local\Programs\Python\Python39\Scripts\;C:\Users\vnme1\AppData\Local\Programs\Python\Python39\;C:\Users\vnme1\AppData\Local\Microsoft\WindowsApps;C:\Program Files\JetBrains\IntelliJ IDEA 2024.3.4.1\bin\;C:\Users\vnme1\AppData\Local\Programs\Microsoft VS Code\bin;C:\Program Files\Bandizip\;C:\Users\vnme1\.dotnet\tools;C:\Users\vnme1\AppData\Roaming\npm;
USERNAME=vnme1
OS=Windows_NT
PROCESSOR_IDENTIFIER=Intel64 Family 6 Model 142 Stepping 12, GenuineIntel



---------------  S Y S T E M  ---------------

OS:
 Windows 11 , 64 bit Build 26100 (10.0.26100.3624)
OS uptime: 5 days 22:01 hours
Hyper-V role detected

CPU: total 8 (initial active 8) (4 cores per cpu, 2 threads per core) family 6 model 142 stepping 12 microcode 0xde, cx8, cmov, fxsr, ht, mmx, 3dnowpref, sse, sse2, sse3, ssse3, sse4.1, sse4.2, popcnt, lzcnt, tsc, tscinvbit, avx, avx2, aes, erms, clmul, bmi1, bmi2, adx, fma, vzeroupper, clflush, clflushopt, hv

Memory: 4k page, system-wide physical 8001M (134M free)
TotalPageFile size 20289M (AvailPageFile size 427M)
current process WorkingSet (physical memory assigned to process): 97M, peak: 211M
current process commit charge ("private bytes"): 429M, peak: 431M

vm_info: Java HotSpot(TM) 64-Bit Server VM (17.0.13+10-LTS-268) for windows-amd64 JRE (17.0.13+10-LTS-268), built on Sep 30 2024 06:33:13 by "mach5one" with MS VC++ 17.6 (VS2022)

END.
